stdio    D         file_stdio.c:110  file_stdio_fopen                 [   0.00000] opening C:\Users\chris\Desktop\Programacao\Estudo_C\POCs_Projeto\x64\Debug\allegro5.cfg r
system   D            wsystem.c:799  maybe_parent_dir                 [   0.00000] Also searching C:\Users\chris\Desktop\Programacao\Estudo_C\POCs_Projeto\x64\
system   D            wsystem.c:854  _al_win_safe_load_library        [   0.00000] PathFindOnPath found: C:\Windows\system32\shcore.dll
system   D            wsystem.c:760  load_library_at_path             [   0.00000] Calling LoadLibrary C:\Windows\system32\shcore.dll
system   I            wsystem.c:763  load_library_at_path             [   0.00000] Loaded C:\Windows\system32\shcore.dll
system   I             system.c:267  al_install_system                [   0.00000] Allegro version: 5.2.6
dtor     D               dtor.c:196  _al_register_destructor          [   0.00019] added dtor for timer 0000024B90E334A0, func 00007FFE2869104B
dtor     D               dtor.c:196  _al_register_destructor          [   0.00025] added dtor for queue 0000024B90E3EBF0, func 00007FFE28691C17
system   D            wsystem.c:799  maybe_parent_dir                 [   0.00034] Also searching C:\Users\chris\Desktop\Programacao\Estudo_C\POCs_Projeto\x64\
system   D            wsystem.c:854  _al_win_safe_load_library        [   0.00046] PathFindOnPath found: C:\Windows\system32\d3d9.dll
system   D            wsystem.c:760  load_library_at_path             [   0.00049] Calling LoadLibrary C:\Windows\system32\d3d9.dll
system   I            wsystem.c:763  load_library_at_path             [   0.00139] Loaded C:\Windows\system32\d3d9.dll
d3d      I         d3d_disp.cpp:684  d3d_init_display                 [   0.03268] Render-to-texture: 1
d3d      I         d3d_disp.cpp:1778 d3d_create_display_locked        [   0.03352] faux_fullscreen=0
d3d      D         d3d_disp.cpp:1779 d3d_create_display_locked        [   0.03356] al_display=0000024B92D179C0
d3d      D         d3d_disp.cpp:1780 d3d_create_display_locked        [   0.03359] al_display->vt=0000024B92D17630
d3d      I d3d_display_formats.cpp:144  _al_d3d_generate_display_format_list [   0.03589] found 160 format combinations
display  D   display_settings.c:212  debug_display_settings           [   0.03595] color: 32 (rgba 8880), depth: 0, stencil: 0, acc: 0000, samples: 0/0
display  D   display_settings.c:527  _al_score_display_settings       [   0.03598] Score is : 897
display  D   display_settings.c:212  debug_display_settings           [   0.03601] color: 32 (rgba 8880), depth: 0, stencil: 0, acc: 0000, samples: 0/0
display  D   display_settings.c:527  _al_score_display_settings       [   0.03604] Score is : 897
display  D   display_settings.c:212  debug_display_settings           [   0.03606] color: 32 (rgba 8880), depth: 0, stencil: 0, acc: 0000, samples: 2/1
display  D   display_settings.c:527  _al_score_display_settings       [   0.03608] Score is : 726
display  D   display_settings.c:212  debug_display_settings           [   0.03610] color: 32 (rgba 8880), depth: 0, stencil: 0, acc: 0000, samples: 3/1
display  D   display_settings.c:527  _al_score_display_settings       [   0.03613] Score is : 721
display  D   display_settings.c:212  debug_display_settings           [   0.03615] color: 32 (rgba 8880), depth: 0, stencil: 0, acc: 0000, samples: 4/1
display  D   display_settings.c:527  _al_score_display_settings       [   0.03618] Score is : 717
display  D   display_settings.c:212  debug_display_settings           [   0.03620] color: 32 (rgba 8880), depth: 24, stencil: 8, acc: 0000, samples: 0/0
display  D   display_settings.c:527  _al_score_display_settings       [   0.03622] Score is : 897
display  D   display_settings.c:212  debug_display_settings           [   0.03624] color: 32 (rgba 8880), depth: 24, stencil: 8, acc: 0000, samples: 0/0
display  D   display_settings.c:527  _al_score_display_settings       [   0.03627] Score is : 897
display  D   display_settings.c:212  debug_display_settings           [   0.03629] color: 32 (rgba 8880), depth: 24, stencil: 8, acc: 0000, samples: 2/1
display  D   display_settings.c:527  _al_score_display_settings       [   0.03636] Score is : 726
display  D   display_settings.c:212  debug_display_settings           [   0.03638] color: 32 (rgba 8880), depth: 24, stencil: 8, acc: 0000, samples: 3/1
display  D   display_settings.c:527  _al_score_display_settings       [   0.03641] Score is : 721
display  D   display_settings.c:212  debug_display_settings           [   0.03643] color: 32 (rgba 8880), depth: 24, stencil: 8, acc: 0000, samples: 4/1
display  D   display_settings.c:527  _al_score_display_settings       [   0.03646] Score is : 717
display  D   display_settings.c:212  debug_display_settings           [   0.03648] color: 32 (rgba 8880), depth: 24, stencil: 0, acc: 0000, samples: 0/0
display  D   display_settings.c:527  _al_score_display_settings       [   0.03650] Score is : 897
display  D   display_settings.c:212  debug_display_settings           [   0.03652] color: 32 (rgba 8880), depth: 24, stencil: 0, acc: 0000, samples: 0/0
display  D   display_settings.c:527  _al_score_display_settings       [   0.03655] Score is : 897
display  D   display_settings.c:212  debug_display_settings           [   0.03657] color: 32 (rgba 8880), depth: 24, stencil: 0, acc: 0000, samples: 2/1
display  D   display_settings.c:527  _al_score_display_settings       [   0.03660] Score is : 726
display  D   display_settings.c:212  debug_display_settings           [   0.03662] color: 32 (rgba 8880), depth: 24, stencil: 0, acc: 0000, samples: 3/1
display  D   display_settings.c:527  _al_score_display_settings       [   0.03664] Score is : 721
display  D   display_settings.c:212  debug_display_settings           [   0.03666] color: 32 (rgba 8880), depth: 24, stencil: 0, acc: 0000, samples: 4/1
display  D   display_settings.c:527  _al_score_display_settings       [   0.03669] Score is : 717
display  D   display_settings.c:212  debug_display_settings           [   0.03671] color: 32 (rgba 8880), depth: 16, stencil: 0, acc: 0000, samples: 0/0
display  D   display_settings.c:527  _al_score_display_settings       [   0.03674] Score is : 897
display  D   display_settings.c:212  debug_display_settings           [   0.03676] color: 32 (rgba 8880), depth: 16, stencil: 0, acc: 0000, samples: 0/0
display  D   display_settings.c:527  _al_score_display_settings       [   0.03678] Score is : 897
display  D   display_settings.c:212  debug_display_settings           [   0.03680] color: 32 (rgba 8880), depth: 16, stencil: 0, acc: 0000, samples: 2/1
display  D   display_settings.c:527  _al_score_display_settings       [   0.03683] Score is : 726
display  D   display_settings.c:212  debug_display_settings           [   0.03685] color: 32 (rgba 8880), depth: 16, stencil: 0, acc: 0000, samples: 3/1
display  D   display_settings.c:527  _al_score_display_settings       [   0.03687] Score is : 721
display  D   display_settings.c:212  debug_display_settings           [   0.03689] color: 32 (rgba 8880), depth: 16, stencil: 0, acc: 0000, samples: 4/1
display  D   display_settings.c:527  _al_score_display_settings       [   0.03692] Score is : 717
display  D   display_settings.c:212  debug_display_settings           [   0.03694] color: 16 (rgba 5650), depth: 0, stencil: 0, acc: 0000, samples: 0/0
display  D   display_settings.c:527  _al_score_display_settings       [   0.03697] Score is : 897
display  D   display_settings.c:212  debug_display_settings           [   0.03699] color: 16 (rgba 5650), depth: 0, stencil: 0, acc: 0000, samples: 0/0
display  D   display_settings.c:527  _al_score_display_settings       [   0.03702] Score is : 897
display  D   display_settings.c:212  debug_display_settings           [   0.03704] color: 16 (rgba 5650), depth: 0, stencil: 0, acc: 0000, samples: 2/1
display  D   display_settings.c:527  _al_score_display_settings       [   0.03706] Score is : 726
display  D   display_settings.c:212  debug_display_settings           [   0.03708] color: 16 (rgba 5650), depth: 0, stencil: 0, acc: 0000, samples: 3/1
display  D   display_settings.c:527  _al_score_display_settings       [   0.03711] Score is : 721
display  D   display_settings.c:212  debug_display_settings           [   0.03713] color: 16 (rgba 5650), depth: 0, stencil: 0, acc: 0000, samples: 4/1
display  D   display_settings.c:527  _al_score_display_settings       [   0.03716] Score is : 717
display  D   display_settings.c:212  debug_display_settings           [   0.03718] color: 16 (rgba 5650), depth: 24, stencil: 8, acc: 0000, samples: 0/0
display  D   display_settings.c:527  _al_score_display_settings       [   0.03721] Score is : 897
display  D   display_settings.c:212  debug_display_settings           [   0.03723] color: 16 (rgba 5650), depth: 24, stencil: 8, acc: 0000, samples: 0/0
display  D   display_settings.c:527  _al_score_display_settings       [   0.03725] Score is : 897
display  D   display_settings.c:212  debug_display_settings           [   0.03727] color: 16 (rgba 5650), depth: 24, stencil: 8, acc: 0000, samples: 2/1
display  D   display_settings.c:527  _al_score_display_settings       [   0.03730] Score is : 726
display  D   display_settings.c:212  debug_display_settings           [   0.03732] color: 16 (rgba 5650), depth: 24, stencil: 8, acc: 0000, samples: 3/1
display  D   display_settings.c:527  _al_score_display_settings       [   0.03734] Score is : 721
display  D   display_settings.c:212  debug_display_settings           [   0.03737] color: 16 (rgba 5650), depth: 24, stencil: 8, acc: 0000, samples: 4/1
display  D   display_settings.c:527  _al_score_display_settings       [   0.03739] Score is : 717
display  D   display_settings.c:212  debug_display_settings           [   0.03741] color: 16 (rgba 5650), depth: 24, stencil: 0, acc: 0000, samples: 0/0
display  D   display_settings.c:527  _al_score_display_settings       [   0.03744] Score is : 897
display  D   display_settings.c:212  debug_display_settings           [   0.03746] color: 16 (rgba 5650), depth: 24, stencil: 0, acc: 0000, samples: 0/0
display  D   display_settings.c:527  _al_score_display_settings       [   0.03748] Score is : 897
display  D   display_settings.c:212  debug_display_settings           [   0.03750] color: 16 (rgba 5650), depth: 24, stencil: 0, acc: 0000, samples: 2/1
display  D   display_settings.c:527  _al_score_display_settings       [   0.03753] Score is : 726
display  D   display_settings.c:212  debug_display_settings           [   0.03755] color: 16 (rgba 5650), depth: 24, stencil: 0, acc: 0000, samples: 3/1
display  D   display_settings.c:527  _al_score_display_settings       [   0.03758] Score is : 721
display  D   display_settings.c:212  debug_display_settings           [   0.03760] color: 16 (rgba 5650), depth: 24, stencil: 0, acc: 0000, samples: 4/1
display  D   display_settings.c:527  _al_score_display_settings       [   0.03762] Score is : 717
display  D   display_settings.c:212  debug_display_settings           [   0.03764] color: 16 (rgba 5650), depth: 16, stencil: 0, acc: 0000, samples: 0/0
display  D   display_settings.c:527  _al_score_display_settings       [   0.03767] Score is : 897
display  D   display_settings.c:212  debug_display_settings           [   0.03769] color: 16 (rgba 5650), depth: 16, stencil: 0, acc: 0000, samples: 0/0
display  D   display_settings.c:527  _al_score_display_settings       [   0.03771] Score is : 897
display  D   display_settings.c:212  debug_display_settings           [   0.03774] color: 16 (rgba 5650), depth: 16, stencil: 0, acc: 0000, samples: 2/1
display  D   display_settings.c:527  _al_score_display_settings       [   0.03776] Score is : 726
display  D   display_settings.c:212  debug_display_settings           [   0.03778] color: 16 (rgba 5650), depth: 16, stencil: 0, acc: 0000, samples: 3/1
display  D   display_settings.c:527  _al_score_display_settings       [   0.03781] Score is : 721
display  D   display_settings.c:212  debug_display_settings           [   0.03783] color: 16 (rgba 5650), depth: 16, stencil: 0, acc: 0000, samples: 4/1
display  D   display_settings.c:527  _al_score_display_settings       [   0.03785] Score is : 717
display  D   display_settings.c:212  debug_display_settings           [   0.03787] color: 32 (rgba 8880), depth: 0, stencil: 0, acc: 0000, samples: 0/0
display  D   display_settings.c:398  _al_score_display_settings       [   0.03790] Single Buffer requirement not met.
display  D   display_settings.c:212  debug_display_settings           [   0.03792] color: 32 (rgba 8880), depth: 0, stencil: 0, acc: 0000, samples: 0/0
display  D   display_settings.c:398  _al_score_display_settings       [   0.03795] Single Buffer requirement not met.
display  D   display_settings.c:212  debug_display_settings           [   0.03797] color: 32 (rgba 8880), depth: 0, stencil: 0, acc: 0000, samples: 2/1
display  D   display_settings.c:398  _al_score_display_settings       [   0.03800] Single Buffer requirement not met.
display  D   display_settings.c:212  debug_display_settings           [   0.03802] color: 32 (rgba 8880), depth: 0, stencil: 0, acc: 0000, samples: 3/1
display  D   display_settings.c:398  _al_score_display_settings       [   0.03805] Single Buffer requirement not met.
display  D   display_settings.c:212  debug_display_settings           [   0.03807] color: 32 (rgba 8880), depth: 0, stencil: 0, acc: 0000, samples: 4/1
display  D   display_settings.c:398  _al_score_display_settings       [   0.03809] Single Buffer requirement not met.
display  D   display_settings.c:212  debug_display_settings           [   0.03812] color: 32 (rgba 8880), depth: 24, stencil: 8, acc: 0000, samples: 0/0
display  D   display_settings.c:398  _al_score_display_settings       [   0.03814] Single Buffer requirement not met.
display  D   display_settings.c:212  debug_display_settings           [   0.03816] color: 32 (rgba 8880), depth: 24, stencil: 8, acc: 0000, samples: 0/0
display  D   display_settings.c:398  _al_score_display_settings       [   0.03819] Single Buffer requirement not met.
display  D   display_settings.c:212  debug_display_settings           [   0.03821] color: 32 (rgba 8880), depth: 24, stencil: 8, acc: 0000, samples: 2/1
display  D   display_settings.c:398  _al_score_display_settings       [   0.03825] Single Buffer requirement not met.
display  D   display_settings.c:212  debug_display_settings           [   0.03830] color: 32 (rgba 8880), depth: 24, stencil: 8, acc: 0000, samples: 3/1
display  D   display_settings.c:398  _al_score_display_settings       [   0.03833] Single Buffer requirement not met.
display  D   display_settings.c:212  debug_display_settings           [   0.03836] color: 32 (rgba 8880), depth: 24, stencil: 8, acc: 0000, samples: 4/1
display  D   display_settings.c:398  _al_score_display_settings       [   0.03838] Single Buffer requirement not met.
display  D   display_settings.c:212  debug_display_settings           [   0.03840] color: 32 (rgba 8880), depth: 24, stencil: 0, acc: 0000, samples: 0/0
display  D   display_settings.c:398  _al_score_display_settings       [   0.03843] Single Buffer requirement not met.
display  D   display_settings.c:212  debug_display_settings           [   0.03845] color: 32 (rgba 8880), depth: 24, stencil: 0, acc: 0000, samples: 0/0
display  D   display_settings.c:398  _al_score_display_settings       [   0.03848] Single Buffer requirement not met.
display  D   display_settings.c:212  debug_display_settings           [   0.03850] color: 32 (rgba 8880), depth: 24, stencil: 0, acc: 0000, samples: 2/1
display  D   display_settings.c:398  _al_score_display_settings       [   0.03852] Single Buffer requirement not met.
display  D   display_settings.c:212  debug_display_settings           [   0.03855] color: 32 (rgba 8880), depth: 24, stencil: 0, acc: 0000, samples: 3/1
display  D   display_settings.c:398  _al_score_display_settings       [   0.03857] Single Buffer requirement not met.
display  D   display_settings.c:212  debug_display_settings           [   0.03860] color: 32 (rgba 8880), depth: 24, stencil: 0, acc: 0000, samples: 4/1
display  D   display_settings.c:398  _al_score_display_settings       [   0.03862] Single Buffer requirement not met.
display  D   display_settings.c:212  debug_display_settings           [   0.03868] color: 32 (rgba 8880), depth: 16, stencil: 0, acc: 0000, samples: 0/0
display  D   display_settings.c:398  _al_score_display_settings       [   0.03872] Single Buffer requirement not met.
display  D   display_settings.c:212  debug_display_settings           [   0.03874] color: 32 (rgba 8880), depth: 16, stencil: 0, acc: 0000, samples: 0/0
display  D   display_settings.c:398  _al_score_display_settings       [   0.03876] Single Buffer requirement not met.
display  D   display_settings.c:212  debug_display_settings           [   0.03879] color: 32 (rgba 8880), depth: 16, stencil: 0, acc: 0000, samples: 2/1
display  D   display_settings.c:398  _al_score_display_settings       [   0.03881] Single Buffer requirement not met.
display  D   display_settings.c:212  debug_display_settings           [   0.03883] color: 32 (rgba 8880), depth: 16, stencil: 0, acc: 0000, samples: 3/1
display  D   display_settings.c:398  _al_score_display_settings       [   0.03886] Single Buffer requirement not met.
display  D   display_settings.c:212  debug_display_settings           [   0.03888] color: 32 (rgba 8880), depth: 16, stencil: 0, acc: 0000, samples: 4/1
display  D   display_settings.c:398  _al_score_display_settings       [   0.03891] Single Buffer requirement not met.
display  D   display_settings.c:212  debug_display_settings           [   0.03893] color: 16 (rgba 5650), depth: 0, stencil: 0, acc: 0000, samples: 0/0
display  D   display_settings.c:398  _al_score_display_settings       [   0.03895] Single Buffer requirement not met.
display  D   display_settings.c:212  debug_display_settings           [   0.03898] color: 16 (rgba 5650), depth: 0, stencil: 0, acc: 0000, samples: 0/0
display  D   display_settings.c:398  _al_score_display_settings       [   0.03901] Single Buffer requirement not met.
display  D   display_settings.c:212  debug_display_settings           [   0.03903] color: 16 (rgba 5650), depth: 0, stencil: 0, acc: 0000, samples: 2/1
display  D   display_settings.c:398  _al_score_display_settings       [   0.03905] Single Buffer requirement not met.
display  D   display_settings.c:212  debug_display_settings           [   0.03908] color: 16 (rgba 5650), depth: 0, stencil: 0, acc: 0000, samples: 3/1
display  D   display_settings.c:398  _al_score_display_settings       [   0.03910] Single Buffer requirement not met.
display  D   display_settings.c:212  debug_display_settings           [   0.03912] color: 16 (rgba 5650), depth: 0, stencil: 0, acc: 0000, samples: 4/1
display  D   display_settings.c:398  _al_score_display_settings       [   0.03915] Single Buffer requirement not met.
display  D   display_settings.c:212  debug_display_settings           [   0.03917] color: 16 (rgba 5650), depth: 24, stencil: 8, acc: 0000, samples: 0/0
display  D   display_settings.c:398  _al_score_display_settings       [   0.03920] Single Buffer requirement not met.
display  D   display_settings.c:212  debug_display_settings           [   0.03922] color: 16 (rgba 5650), depth: 24, stencil: 8, acc: 0000, samples: 0/0
display  D   display_settings.c:398  _al_score_display_settings       [   0.03925] Single Buffer requirement not met.
display  D   display_settings.c:212  debug_display_settings           [   0.03927] color: 16 (rgba 5650), depth: 24, stencil: 8, acc: 0000, samples: 2/1
display  D   display_settings.c:398  _al_score_display_settings       [   0.03930] Single Buffer requirement not met.
display  D   display_settings.c:212  debug_display_settings           [   0.03932] color: 16 (rgba 5650), depth: 24, stencil: 8, acc: 0000, samples: 3/1
display  D   display_settings.c:398  _al_score_display_settings       [   0.03935] Single Buffer requirement not met.
display  D   display_settings.c:212  debug_display_settings           [   0.03937] color: 16 (rgba 5650), depth: 24, stencil: 8, acc: 0000, samples: 4/1
display  D   display_settings.c:398  _al_score_display_settings       [   0.03939] Single Buffer requirement not met.
display  D   display_settings.c:212  debug_display_settings           [   0.03942] color: 16 (rgba 5650), depth: 24, stencil: 0, acc: 0000, samples: 0/0
display  D   display_settings.c:398  _al_score_display_settings       [   0.03944] Single Buffer requirement not met.
display  D   display_settings.c:212  debug_display_settings           [   0.03946] color: 16 (rgba 5650), depth: 24, stencil: 0, acc: 0000, samples: 0/0
display  D   display_settings.c:398  _al_score_display_settings       [   0.03949] Single Buffer requirement not met.
display  D   display_settings.c:212  debug_display_settings           [   0.03951] color: 16 (rgba 5650), depth: 24, stencil: 0, acc: 0000, samples: 2/1
display  D   display_settings.c:398  _al_score_display_settings       [   0.03954] Single Buffer requirement not met.
display  D   display_settings.c:212  debug_display_settings           [   0.03956] color: 16 (rgba 5650), depth: 24, stencil: 0, acc: 0000, samples: 3/1
display  D   display_settings.c:398  _al_score_display_settings       [   0.03959] Single Buffer requirement not met.
display  D   display_settings.c:212  debug_display_settings           [   0.03961] color: 16 (rgba 5650), depth: 24, stencil: 0, acc: 0000, samples: 4/1
display  D   display_settings.c:398  _al_score_display_settings       [   0.03963] Single Buffer requirement not met.
display  D   display_settings.c:212  debug_display_settings           [   0.03966] color: 16 (rgba 5650), depth: 16, stencil: 0, acc: 0000, samples: 0/0
display  D   display_settings.c:398  _al_score_display_settings       [   0.03968] Single Buffer requirement not met.
display  D   display_settings.c:212  debug_display_settings           [   0.03970] color: 16 (rgba 5650), depth: 16, stencil: 0, acc: 0000, samples: 0/0
display  D   display_settings.c:398  _al_score_display_settings       [   0.03973] Single Buffer requirement not met.
display  D   display_settings.c:212  debug_display_settings           [   0.03975] color: 16 (rgba 5650), depth: 16, stencil: 0, acc: 0000, samples: 2/1
display  D   display_settings.c:398  _al_score_display_settings       [   0.03978] Single Buffer requirement not met.
display  D   display_settings.c:212  debug_display_settings           [   0.03980] color: 16 (rgba 5650), depth: 16, stencil: 0, acc: 0000, samples: 3/1
display  D   display_settings.c:398  _al_score_display_settings       [   0.03982] Single Buffer requirement not met.
display  D   display_settings.c:212  debug_display_settings           [   0.03985] color: 16 (rgba 5650), depth: 16, stencil: 0, acc: 0000, samples: 4/1
display  D   display_settings.c:398  _al_score_display_settings       [   0.03987] Single Buffer requirement not met.
display  D   display_settings.c:212  debug_display_settings           [   0.03989] color: 32 (rgba 8880), depth: 0, stencil: 0, acc: 0000, samples: 0/0
display  D   display_settings.c:527  _al_score_display_settings       [   0.03992] Score is : 769
display  D   display_settings.c:212  debug_display_settings           [   0.03994] color: 32 (rgba 8880), depth: 0, stencil: 0, acc: 0000, samples: 0/0
display  D   display_settings.c:527  _al_score_display_settings       [   0.03997] Score is : 769
display  D   display_settings.c:212  debug_display_settings           [   0.03999] color: 32 (rgba 8880), depth: 0, stencil: 0, acc: 0000, samples: 2/1
display  D   display_settings.c:527  _al_score_display_settings       [   0.04002] Score is : 598
display  D   display_settings.c:212  debug_display_settings           [   0.04004] color: 32 (rgba 8880), depth: 0, stencil: 0, acc: 0000, samples: 3/1
display  D   display_settings.c:527  _al_score_display_settings       [   0.04007] Score is : 593
display  D   display_settings.c:212  debug_display_settings           [   0.04009] color: 32 (rgba 8880), depth: 0, stencil: 0, acc: 0000, samples: 4/1
display  D   display_settings.c:527  _al_score_display_settings       [   0.04011] Score is : 589
display  D   display_settings.c:212  debug_display_settings           [   0.04013] color: 32 (rgba 8880), depth: 24, stencil: 8, acc: 0000, samples: 0/0
display  D   display_settings.c:527  _al_score_display_settings       [   0.04016] Score is : 769
display  D   display_settings.c:212  debug_display_settings           [   0.04018] color: 32 (rgba 8880), depth: 24, stencil: 8, acc: 0000, samples: 0/0
display  D   display_settings.c:527  _al_score_display_settings       [   0.04021] Score is : 769
display  D   display_settings.c:212  debug_display_settings           [   0.04023] color: 32 (rgba 8880), depth: 24, stencil: 8, acc: 0000, samples: 2/1
display  D   display_settings.c:527  _al_score_display_settings       [   0.04025] Score is : 598
display  D   display_settings.c:212  debug_display_settings           [   0.04027] color: 32 (rgba 8880), depth: 24, stencil: 8, acc: 0000, samples: 3/1
display  D   display_settings.c:527  _al_score_display_settings       [   0.04030] Score is : 593
display  D   display_settings.c:212  debug_display_settings           [   0.04032] color: 32 (rgba 8880), depth: 24, stencil: 8, acc: 0000, samples: 4/1
display  D   display_settings.c:527  _al_score_display_settings       [   0.04035] Score is : 589
display  D   display_settings.c:212  debug_display_settings           [   0.04037] color: 32 (rgba 8880), depth: 24, stencil: 0, acc: 0000, samples: 0/0
display  D   display_settings.c:527  _al_score_display_settings       [   0.04039] Score is : 769
display  D   display_settings.c:212  debug_display_settings           [   0.04041] color: 32 (rgba 8880), depth: 24, stencil: 0, acc: 0000, samples: 0/0
display  D   display_settings.c:527  _al_score_display_settings       [   0.04044] Score is : 769
display  D   display_settings.c:212  debug_display_settings           [   0.04046] color: 32 (rgba 8880), depth: 24, stencil: 0, acc: 0000, samples: 2/1
display  D   display_settings.c:527  _al_score_display_settings       [   0.04049] Score is : 598
display  D   display_settings.c:212  debug_display_settings           [   0.04051] color: 32 (rgba 8880), depth: 24, stencil: 0, acc: 0000, samples: 3/1
display  D   display_settings.c:527  _al_score_display_settings       [   0.04053] Score is : 593
display  D   display_settings.c:212  debug_display_settings           [   0.04055] color: 32 (rgba 8880), depth: 24, stencil: 0, acc: 0000, samples: 4/1
display  D   display_settings.c:527  _al_score_display_settings       [   0.04058] Score is : 589
display  D   display_settings.c:212  debug_display_settings           [   0.04060] color: 32 (rgba 8880), depth: 16, stencil: 0, acc: 0000, samples: 0/0
display  D   display_settings.c:527  _al_score_display_settings       [   0.04062] Score is : 769
display  D   display_settings.c:212  debug_display_settings           [   0.04064] color: 32 (rgba 8880), depth: 16, stencil: 0, acc: 0000, samples: 0/0
display  D   display_settings.c:527  _al_score_display_settings       [   0.04067] Score is : 769
display  D   display_settings.c:212  debug_display_settings           [   0.04069] color: 32 (rgba 8880), depth: 16, stencil: 0, acc: 0000, samples: 2/1
display  D   display_settings.c:527  _al_score_display_settings       [   0.04072] Score is : 598
display  D   display_settings.c:212  debug_display_settings           [   0.04074] color: 32 (rgba 8880), depth: 16, stencil: 0, acc: 0000, samples: 3/1
display  D   display_settings.c:527  _al_score_display_settings       [   0.04076] Score is : 593
display  D   display_settings.c:212  debug_display_settings           [   0.04078] color: 32 (rgba 8880), depth: 16, stencil: 0, acc: 0000, samples: 4/1
display  D   display_settings.c:527  _al_score_display_settings       [   0.04081] Score is : 589
display  D   display_settings.c:212  debug_display_settings           [   0.04083] color: 16 (rgba 5650), depth: 0, stencil: 0, acc: 0000, samples: 0/0
display  D   display_settings.c:527  _al_score_display_settings       [   0.04085] Score is : 769
display  D   display_settings.c:212  debug_display_settings           [   0.04087] color: 16 (rgba 5650), depth: 0, stencil: 0, acc: 0000, samples: 0/0
display  D   display_settings.c:527  _al_score_display_settings       [   0.04090] Score is : 769
display  D   display_settings.c:212  debug_display_settings           [   0.04092] color: 16 (rgba 5650), depth: 0, stencil: 0, acc: 0000, samples: 2/1
display  D   display_settings.c:527  _al_score_display_settings       [   0.04096] Score is : 598
display  D   display_settings.c:212  debug_display_settings           [   0.04100] color: 16 (rgba 5650), depth: 0, stencil: 0, acc: 0000, samples: 3/1
display  D   display_settings.c:527  _al_score_display_settings       [   0.04102] Score is : 593
display  D   display_settings.c:212  debug_display_settings           [   0.04105] color: 16 (rgba 5650), depth: 0, stencil: 0, acc: 0000, samples: 4/1
display  D   display_settings.c:527  _al_score_display_settings       [   0.04107] Score is : 589
display  D   display_settings.c:212  debug_display_settings           [   0.04109] color: 16 (rgba 5650), depth: 24, stencil: 8, acc: 0000, samples: 0/0
display  D   display_settings.c:527  _al_score_display_settings       [   0.04112] Score is : 769
display  D   display_settings.c:212  debug_display_settings           [   0.04114] color: 16 (rgba 5650), depth: 24, stencil: 8, acc: 0000, samples: 0/0
display  D   display_settings.c:527  _al_score_display_settings       [   0.04116] Score is : 769
display  D   display_settings.c:212  debug_display_settings           [   0.04118] color: 16 (rgba 5650), depth: 24, stencil: 8, acc: 0000, samples: 2/1
display  D   display_settings.c:527  _al_score_display_settings       [   0.04121] Score is : 598
display  D   display_settings.c:212  debug_display_settings           [   0.04123] color: 16 (rgba 5650), depth: 24, stencil: 8, acc: 0000, samples: 3/1
display  D   display_settings.c:527  _al_score_display_settings       [   0.04126] Score is : 593
display  D   display_settings.c:212  debug_display_settings           [   0.04128] color: 16 (rgba 5650), depth: 24, stencil: 8, acc: 0000, samples: 4/1
display  D   display_settings.c:527  _al_score_display_settings       [   0.04130] Score is : 589
display  D   display_settings.c:212  debug_display_settings           [   0.04133] color: 16 (rgba 5650), depth: 24, stencil: 0, acc: 0000, samples: 0/0
display  D   display_settings.c:527  _al_score_display_settings       [   0.04135] Score is : 769
display  D   display_settings.c:212  debug_display_settings           [   0.04137] color: 16 (rgba 5650), depth: 24, stencil: 0, acc: 0000, samples: 0/0
display  D   display_settings.c:527  _al_score_display_settings       [   0.04140] Score is : 769
display  D   display_settings.c:212  debug_display_settings           [   0.04142] color: 16 (rgba 5650), depth: 24, stencil: 0, acc: 0000, samples: 2/1
display  D   display_settings.c:527  _al_score_display_settings       [   0.04144] Score is : 598
display  D   display_settings.c:212  debug_display_settings           [   0.04146] color: 16 (rgba 5650), depth: 24, stencil: 0, acc: 0000, samples: 3/1
display  D   display_settings.c:527  _al_score_display_settings       [   0.04149] Score is : 593
display  D   display_settings.c:212  debug_display_settings           [   0.04151] color: 16 (rgba 5650), depth: 24, stencil: 0, acc: 0000, samples: 4/1
display  D   display_settings.c:527  _al_score_display_settings       [   0.04154] Score is : 589
display  D   display_settings.c:212  debug_display_settings           [   0.04156] color: 16 (rgba 5650), depth: 16, stencil: 0, acc: 0000, samples: 0/0
display  D   display_settings.c:527  _al_score_display_settings       [   0.04158] Score is : 769
display  D   display_settings.c:212  debug_display_settings           [   0.04160] color: 16 (rgba 5650), depth: 16, stencil: 0, acc: 0000, samples: 0/0
display  D   display_settings.c:527  _al_score_display_settings       [   0.04163] Score is : 769
display  D   display_settings.c:212  debug_display_settings           [   0.04165] color: 16 (rgba 5650), depth: 16, stencil: 0, acc: 0000, samples: 2/1
display  D   display_settings.c:527  _al_score_display_settings       [   0.04167] Score is : 598
display  D   display_settings.c:212  debug_display_settings           [   0.04174] color: 16 (rgba 5650), depth: 16, stencil: 0, acc: 0000, samples: 3/1
display  D   display_settings.c:527  _al_score_display_settings       [   0.04177] Score is : 593
display  D   display_settings.c:212  debug_display_settings           [   0.04179] color: 16 (rgba 5650), depth: 16, stencil: 0, acc: 0000, samples: 4/1
display  D   display_settings.c:527  _al_score_display_settings       [   0.04181] Score is : 589
display  D   display_settings.c:212  debug_display_settings           [   0.04183] color: 32 (rgba 8880), depth: 0, stencil: 0, acc: 0000, samples: 0/0
display  D   display_settings.c:398  _al_score_display_settings       [   0.04186] Single Buffer requirement not met.
display  D   display_settings.c:212  debug_display_settings           [   0.04188] color: 32 (rgba 8880), depth: 0, stencil: 0, acc: 0000, samples: 0/0
display  D   display_settings.c:398  _al_score_display_settings       [   0.04191] Single Buffer requirement not met.
display  D   display_settings.c:212  debug_display_settings           [   0.04193] color: 32 (rgba 8880), depth: 0, stencil: 0, acc: 0000, samples: 2/1
display  D   display_settings.c:398  _al_score_display_settings       [   0.04195] Single Buffer requirement not met.
display  D   display_settings.c:212  debug_display_settings           [   0.04197] color: 32 (rgba 8880), depth: 0, stencil: 0, acc: 0000, samples: 3/1
display  D   display_settings.c:398  _al_score_display_settings       [   0.04201] Single Buffer requirement not met.
display  D   display_settings.c:212  debug_display_settings           [   0.04203] color: 32 (rgba 8880), depth: 0, stencil: 0, acc: 0000, samples: 4/1
display  D   display_settings.c:398  _al_score_display_settings       [   0.04206] Single Buffer requirement not met.
display  D   display_settings.c:212  debug_display_settings           [   0.04208] color: 32 (rgba 8880), depth: 24, stencil: 8, acc: 0000, samples: 0/0
display  D   display_settings.c:398  _al_score_display_settings       [   0.04211] Single Buffer requirement not met.
display  D   display_settings.c:212  debug_display_settings           [   0.04213] color: 32 (rgba 8880), depth: 24, stencil: 8, acc: 0000, samples: 0/0
display  D   display_settings.c:398  _al_score_display_settings       [   0.04215] Single Buffer requirement not met.
display  D   display_settings.c:212  debug_display_settings           [   0.04217] color: 32 (rgba 8880), depth: 24, stencil: 8, acc: 0000, samples: 2/1
display  D   display_settings.c:398  _al_score_display_settings       [   0.04220] Single Buffer requirement not met.
display  D   display_settings.c:212  debug_display_settings           [   0.04222] color: 32 (rgba 8880), depth: 24, stencil: 8, acc: 0000, samples: 3/1
display  D   display_settings.c:398  _al_score_display_settings       [   0.04225] Single Buffer requirement not met.
display  D   display_settings.c:212  debug_display_settings           [   0.04227] color: 32 (rgba 8880), depth: 24, stencil: 8, acc: 0000, samples: 4/1
display  D   display_settings.c:398  _al_score_display_settings       [   0.04229] Single Buffer requirement not met.
display  D   display_settings.c:212  debug_display_settings           [   0.04231] color: 32 (rgba 8880), depth: 24, stencil: 0, acc: 0000, samples: 0/0
display  D   display_settings.c:398  _al_score_display_settings       [   0.04234] Single Buffer requirement not met.
display  D   display_settings.c:212  debug_display_settings           [   0.04236] color: 32 (rgba 8880), depth: 24, stencil: 0, acc: 0000, samples: 0/0
display  D   display_settings.c:398  _al_score_display_settings       [   0.04238] Single Buffer requirement not met.
display  D   display_settings.c:212  debug_display_settings           [   0.04241] color: 32 (rgba 8880), depth: 24, stencil: 0, acc: 0000, samples: 2/1
display  D   display_settings.c:398  _al_score_display_settings       [   0.04243] Single Buffer requirement not met.
display  D   display_settings.c:212  debug_display_settings           [   0.04246] color: 32 (rgba 8880), depth: 24, stencil: 0, acc: 0000, samples: 3/1
display  D   display_settings.c:398  _al_score_display_settings       [   0.04248] Single Buffer requirement not met.
display  D   display_settings.c:212  debug_display_settings           [   0.04251] color: 32 (rgba 8880), depth: 24, stencil: 0, acc: 0000, samples: 4/1
display  D   display_settings.c:398  _al_score_display_settings       [   0.04253] Single Buffer requirement not met.
display  D   display_settings.c:212  debug_display_settings           [   0.04255] color: 32 (rgba 8880), depth: 16, stencil: 0, acc: 0000, samples: 0/0
display  D   display_settings.c:398  _al_score_display_settings       [   0.04258] Single Buffer requirement not met.
display  D   display_settings.c:212  debug_display_settings           [   0.04260] color: 32 (rgba 8880), depth: 16, stencil: 0, acc: 0000, samples: 0/0
display  D   display_settings.c:398  _al_score_display_settings       [   0.04263] Single Buffer requirement not met.
display  D   display_settings.c:212  debug_display_settings           [   0.04265] color: 32 (rgba 8880), depth: 16, stencil: 0, acc: 0000, samples: 2/1
display  D   display_settings.c:398  _al_score_display_settings       [   0.04267] Single Buffer requirement not met.
display  D   display_settings.c:212  debug_display_settings           [   0.04269] color: 32 (rgba 8880), depth: 16, stencil: 0, acc: 0000, samples: 3/1
display  D   display_settings.c:398  _al_score_display_settings       [   0.04272] Single Buffer requirement not met.
display  D   display_settings.c:212  debug_display_settings           [   0.04274] color: 32 (rgba 8880), depth: 16, stencil: 0, acc: 0000, samples: 4/1
display  D   display_settings.c:398  _al_score_display_settings       [   0.04277] Single Buffer requirement not met.
display  D   display_settings.c:212  debug_display_settings           [   0.04279] color: 16 (rgba 5650), depth: 0, stencil: 0, acc: 0000, samples: 0/0
display  D   display_settings.c:398  _al_score_display_settings       [   0.04281] Single Buffer requirement not met.
display  D   display_settings.c:212  debug_display_settings           [   0.04284] color: 16 (rgba 5650), depth: 0, stencil: 0, acc: 0000, samples: 0/0
display  D   display_settings.c:398  _al_score_display_settings       [   0.04286] Single Buffer requirement not met.
display  D   display_settings.c:212  debug_display_settings           [   0.04288] color: 16 (rgba 5650), depth: 0, stencil: 0, acc: 0000, samples: 2/1
display  D   display_settings.c:398  _al_score_display_settings       [   0.04291] Single Buffer requirement not met.
display  D   display_settings.c:212  debug_display_settings           [   0.04293] color: 16 (rgba 5650), depth: 0, stencil: 0, acc: 0000, samples: 3/1
display  D   display_settings.c:398  _al_score_display_settings       [   0.04295] Single Buffer requirement not met.
display  D   display_settings.c:212  debug_display_settings           [   0.04298] color: 16 (rgba 5650), depth: 0, stencil: 0, acc: 0000, samples: 4/1
display  D   display_settings.c:398  _al_score_display_settings       [   0.04300] Single Buffer requirement not met.
display  D   display_settings.c:212  debug_display_settings           [   0.04303] color: 16 (rgba 5650), depth: 24, stencil: 8, acc: 0000, samples: 0/0
display  D   display_settings.c:398  _al_score_display_settings       [   0.04305] Single Buffer requirement not met.
display  D   display_settings.c:212  debug_display_settings           [   0.04307] color: 16 (rgba 5650), depth: 24, stencil: 8, acc: 0000, samples: 0/0
display  D   display_settings.c:398  _al_score_display_settings       [   0.04310] Single Buffer requirement not met.
display  D   display_settings.c:212  debug_display_settings           [   0.04312] color: 16 (rgba 5650), depth: 24, stencil: 8, acc: 0000, samples: 2/1
display  D   display_settings.c:398  _al_score_display_settings       [   0.04315] Single Buffer requirement not met.
display  D   display_settings.c:212  debug_display_settings           [   0.04321] color: 16 (rgba 5650), depth: 24, stencil: 8, acc: 0000, samples: 3/1
display  D   display_settings.c:398  _al_score_display_settings       [   0.04324] Single Buffer requirement not met.
display  D   display_settings.c:212  debug_display_settings           [   0.04327] color: 16 (rgba 5650), depth: 24, stencil: 8, acc: 0000, samples: 4/1
display  D   display_settings.c:398  _al_score_display_settings       [   0.04330] Single Buffer requirement not met.
display  D   display_settings.c:212  debug_display_settings           [   0.04332] color: 16 (rgba 5650), depth: 24, stencil: 0, acc: 0000, samples: 0/0
display  D   display_settings.c:398  _al_score_display_settings       [   0.04335] Single Buffer requirement not met.
display  D   display_settings.c:212  debug_display_settings           [   0.04337] color: 16 (rgba 5650), depth: 24, stencil: 0, acc: 0000, samples: 0/0
display  D   display_settings.c:398  _al_score_display_settings       [   0.04340] Single Buffer requirement not met.
display  D   display_settings.c:212  debug_display_settings           [   0.04342] color: 16 (rgba 5650), depth: 24, stencil: 0, acc: 0000, samples: 2/1
display  D   display_settings.c:398  _al_score_display_settings       [   0.04344] Single Buffer requirement not met.
display  D   display_settings.c:212  debug_display_settings           [   0.04347] color: 16 (rgba 5650), depth: 24, stencil: 0, acc: 0000, samples: 3/1
display  D   display_settings.c:398  _al_score_display_settings       [   0.04349] Single Buffer requirement not met.
display  D   display_settings.c:212  debug_display_settings           [   0.04351] color: 16 (rgba 5650), depth: 24, stencil: 0, acc: 0000, samples: 4/1
display  D   display_settings.c:398  _al_score_display_settings       [   0.04354] Single Buffer requirement not met.
display  D   display_settings.c:212  debug_display_settings           [   0.04356] color: 16 (rgba 5650), depth: 16, stencil: 0, acc: 0000, samples: 0/0
display  D   display_settings.c:398  _al_score_display_settings       [   0.04359] Single Buffer requirement not met.
display  D   display_settings.c:212  debug_display_settings           [   0.04361] color: 16 (rgba 5650), depth: 16, stencil: 0, acc: 0000, samples: 0/0
display  D   display_settings.c:398  _al_score_display_settings       [   0.04363] Single Buffer requirement not met.
display  D   display_settings.c:212  debug_display_settings           [   0.04365] color: 16 (rgba 5650), depth: 16, stencil: 0, acc: 0000, samples: 2/1
display  D   display_settings.c:398  _al_score_display_settings       [   0.04368] Single Buffer requirement not met.
display  D   display_settings.c:212  debug_display_settings           [   0.04370] color: 16 (rgba 5650), depth: 16, stencil: 0, acc: 0000, samples: 3/1
display  D   display_settings.c:398  _al_score_display_settings       [   0.04373] Single Buffer requirement not met.
display  D   display_settings.c:212  debug_display_settings           [   0.04375] color: 16 (rgba 5650), depth: 16, stencil: 0, acc: 0000, samples: 4/1
display  D   display_settings.c:398  _al_score_display_settings       [   0.04377] Single Buffer requirement not met.
d3d      D         d3d_disp.cpp:1678 d3d_create_display_internals     [   0.04383] Trying format 0.
d3d      I         d3d_disp.cpp:1354 d3d_display_thread_proc          [   0.04406] Chose a display format: 23
d3d      I         d3d_disp.cpp:1423 d3d_display_thread_proc          [   0.04411] Normal window.
d3d      I         d3d_disp.cpp:791  d3d_create_device                [   0.09077] Using no depth stencil buffer
d3d      D         d3d_disp.cpp:849  d3d_create_device                [   0.15256] BeginScene succeeded in create_device
d3d      D         d3d_disp.cpp:857  d3d_create_device                [   0.15262] Success
d3d      D         d3d_disp.cpp:1701 d3d_create_display_internals     [   0.15266] Resumed after wait.
d3d      I         d3d_disp.cpp:1734 d3d_create_display_internals     [   0.15272] Format 0 succeeded.
d3d      D         d3d_disp.cpp:1765 d3d_create_display_internals     [   0.15277] Returning d3d_display: 0000024B92D179C0
d3d      D         d3d_disp.cpp:1790 d3d_create_display_locked        [   0.15280] al_display=0000024B92D179C0
d3d      D         d3d_disp.cpp:1791 d3d_create_display_locked        [   0.15282] al_display->vt=0000024B92D17630
dtor     D               dtor.c:116  _al_run_destructors              [   0.15292] calling dtor for queue 0000024B90E3EBF0, func 00007FFE28691C17
dtor     D               dtor.c:227  _al_unregister_destructor        [   0.15295] removed dtor for queue 0000024B90E3EBF0
dtor     D               dtor.c:116  _al_run_destructors              [   0.15298] calling dtor for timer 0000024B90E334A0, func 00007FFE2869104B
dtor     D               dtor.c:227  _al_unregister_destructor        [   0.15301] removed dtor for timer 0000024B90E334A0
d3d      I         d3d_disp.cpp:911  d3d_destroy_display              [   0.15305] destroying display 0000024B92D179C0 (current 0000000000000000)
d3d      D         d3d_disp.cpp:895  d3d_destroy_display_internals    [   0.15421] waiting for display 0000024B92D179C0's thread to end
d3d      W         d3d_disp.cpp:608  d3d_destroy_device               [   0.16434] d3d_destroy_device: ref count not 0
d3d      I         d3d_disp.cpp:1558 d3d_display_thread_proc          [   0.16918] d3d display thread exits
