stdio    D         file_stdio.c:110  file_stdio_fopen                 [   0.00000] opening C:\Users\chris\Desktop\Programacao\Estudo_C\PI_2Sem\POCs_Projeto\x64\Debug\allegro5.cfg r
system   D            wsystem.c:799  maybe_parent_dir                 [   0.00000] Also searching C:\Users\chris\Desktop\Programacao\Estudo_C\PI_2Sem\POCs_Projeto\x64\
system   D            wsystem.c:854  _al_win_safe_load_library        [   0.00000] PathFindOnPath found: C:\Windows\system32\shcore.dll
system   D            wsystem.c:760  load_library_at_path             [   0.00000] Calling LoadLibrary C:\Windows\system32\shcore.dll
system   I            wsystem.c:763  load_library_at_path             [   0.00000] Loaded C:\Windows\system32\shcore.dll
system   I             system.c:267  al_install_system                [   0.00000] Allegro version: 5.2.6
dtor     D               dtor.c:196  _al_register_destructor          [   0.00027] added dtor for timer 000001BC65622C20, func 00007FFF0B9D104B
dtor     D               dtor.c:196  _al_register_destructor          [   0.00039] added dtor for queue 000001BC656344C0, func 00007FFF0B9D1C17
system   D            wsystem.c:799  maybe_parent_dir                 [   0.00057] Also searching C:\Users\chris\Desktop\Programacao\Estudo_C\PI_2Sem\POCs_Projeto\x64\
system   D            wsystem.c:854  _al_win_safe_load_library        [   0.00077] PathFindOnPath found: C:\Windows\system32\d3d9.dll
system   D            wsystem.c:760  load_library_at_path             [   0.00087] Calling LoadLibrary C:\Windows\system32\d3d9.dll
system   I            wsystem.c:763  load_library_at_path             [   0.00488] Loaded C:\Windows\system32\d3d9.dll
d3d      I         d3d_disp.cpp:684  d3d_init_display                 [   0.06076] Render-to-texture: 1
d3d      I         d3d_disp.cpp:1778 d3d_create_display_locked        [   0.06168] faux_fullscreen=0
d3d      D         d3d_disp.cpp:1779 d3d_create_display_locked        [   0.06177] al_display=000001BC675B5810
d3d      D         d3d_disp.cpp:1780 d3d_create_display_locked        [   0.06186] al_display->vt=000001BC675B41D0
d3d      I d3d_display_formats.cpp:144  _al_d3d_generate_display_format_list [   0.06573] found 160 format combinations
display  D   display_settings.c:212  debug_display_settings           [   0.06584] color: 32 (rgba 8880), depth: 0, stencil: 0, acc: 0000, samples: 0/0
display  D   display_settings.c:527  _al_score_display_settings       [   0.06597] Score is : 897
display  D   display_settings.c:212  debug_display_settings           [   0.06605] color: 32 (rgba 8880), depth: 0, stencil: 0, acc: 0000, samples: 0/0
display  D   display_settings.c:527  _al_score_display_settings       [   0.06614] Score is : 897
display  D   display_settings.c:212  debug_display_settings           [   0.06624] color: 32 (rgba 8880), depth: 0, stencil: 0, acc: 0000, samples: 2/1
display  D   display_settings.c:527  _al_score_display_settings       [   0.06632] Score is : 726
display  D   display_settings.c:212  debug_display_settings           [   0.06640] color: 32 (rgba 8880), depth: 0, stencil: 0, acc: 0000, samples: 3/1
display  D   display_settings.c:527  _al_score_display_settings       [   0.06650] Score is : 721
display  D   display_settings.c:212  debug_display_settings           [   0.06657] color: 32 (rgba 8880), depth: 0, stencil: 0, acc: 0000, samples: 4/1
display  D   display_settings.c:527  _al_score_display_settings       [   0.06663] Score is : 717
display  D   display_settings.c:212  debug_display_settings           [   0.06671] color: 32 (rgba 8880), depth: 24, stencil: 8, acc: 0000, samples: 0/0
display  D   display_settings.c:527  _al_score_display_settings       [   0.06677] Score is : 897
display  D   display_settings.c:212  debug_display_settings           [   0.06688] color: 32 (rgba 8880), depth: 24, stencil: 8, acc: 0000, samples: 0/0
display  D   display_settings.c:527  _al_score_display_settings       [   0.06695] Score is : 897
display  D   display_settings.c:212  debug_display_settings           [   0.06706] color: 32 (rgba 8880), depth: 24, stencil: 8, acc: 0000, samples: 2/1
display  D   display_settings.c:527  _al_score_display_settings       [   0.06728] Score is : 726
display  D   display_settings.c:212  debug_display_settings           [   0.06735] color: 32 (rgba 8880), depth: 24, stencil: 8, acc: 0000, samples: 3/1
display  D   display_settings.c:527  _al_score_display_settings       [   0.06741] Score is : 721
display  D   display_settings.c:212  debug_display_settings           [   0.06746] color: 32 (rgba 8880), depth: 24, stencil: 8, acc: 0000, samples: 4/1
display  D   display_settings.c:527  _al_score_display_settings       [   0.06758] Score is : 717
display  D   display_settings.c:212  debug_display_settings           [   0.06767] color: 32 (rgba 8880), depth: 24, stencil: 0, acc: 0000, samples: 0/0
display  D   display_settings.c:527  _al_score_display_settings       [   0.06774] Score is : 897
display  D   display_settings.c:212  debug_display_settings           [   0.06779] color: 32 (rgba 8880), depth: 24, stencil: 0, acc: 0000, samples: 0/0
display  D   display_settings.c:527  _al_score_display_settings       [   0.06789] Score is : 897
display  D   display_settings.c:212  debug_display_settings           [   0.06795] color: 32 (rgba 8880), depth: 24, stencil: 0, acc: 0000, samples: 2/1
display  D   display_settings.c:527  _al_score_display_settings       [   0.06800] Score is : 726
display  D   display_settings.c:212  debug_display_settings           [   0.06806] color: 32 (rgba 8880), depth: 24, stencil: 0, acc: 0000, samples: 3/1
display  D   display_settings.c:527  _al_score_display_settings       [   0.06812] Score is : 721
display  D   display_settings.c:212  debug_display_settings           [   0.06817] color: 32 (rgba 8880), depth: 24, stencil: 0, acc: 0000, samples: 4/1
display  D   display_settings.c:527  _al_score_display_settings       [   0.06823] Score is : 717
display  D   display_settings.c:212  debug_display_settings           [   0.06829] color: 32 (rgba 8880), depth: 16, stencil: 0, acc: 0000, samples: 0/0
display  D   display_settings.c:527  _al_score_display_settings       [   0.06836] Score is : 897
display  D   display_settings.c:212  debug_display_settings           [   0.06841] color: 32 (rgba 8880), depth: 16, stencil: 0, acc: 0000, samples: 0/0
display  D   display_settings.c:527  _al_score_display_settings       [   0.06847] Score is : 897
display  D   display_settings.c:212  debug_display_settings           [   0.06853] color: 32 (rgba 8880), depth: 16, stencil: 0, acc: 0000, samples: 2/1
display  D   display_settings.c:527  _al_score_display_settings       [   0.06859] Score is : 726
display  D   display_settings.c:212  debug_display_settings           [   0.06864] color: 32 (rgba 8880), depth: 16, stencil: 0, acc: 0000, samples: 3/1
display  D   display_settings.c:527  _al_score_display_settings       [   0.06870] Score is : 721
display  D   display_settings.c:212  debug_display_settings           [   0.06878] color: 32 (rgba 8880), depth: 16, stencil: 0, acc: 0000, samples: 4/1
display  D   display_settings.c:527  _al_score_display_settings       [   0.06887] Score is : 717
display  D   display_settings.c:212  debug_display_settings           [   0.06895] color: 16 (rgba 5650), depth: 0, stencil: 0, acc: 0000, samples: 0/0
display  D   display_settings.c:527  _al_score_display_settings       [   0.06926] Score is : 897
display  D   display_settings.c:212  debug_display_settings           [   0.06934] color: 16 (rgba 5650), depth: 0, stencil: 0, acc: 0000, samples: 0/0
display  D   display_settings.c:527  _al_score_display_settings       [   0.06944] Score is : 897
display  D   display_settings.c:212  debug_display_settings           [   0.06955] color: 16 (rgba 5650), depth: 0, stencil: 0, acc: 0000, samples: 2/1
display  D   display_settings.c:527  _al_score_display_settings       [   0.06963] Score is : 726
display  D   display_settings.c:212  debug_display_settings           [   0.06973] color: 16 (rgba 5650), depth: 0, stencil: 0, acc: 0000, samples: 3/1
display  D   display_settings.c:527  _al_score_display_settings       [   0.06983] Score is : 721
display  D   display_settings.c:212  debug_display_settings           [   0.06989] color: 16 (rgba 5650), depth: 0, stencil: 0, acc: 0000, samples: 4/1
display  D   display_settings.c:527  _al_score_display_settings       [   0.07010] Score is : 717
display  D   display_settings.c:212  debug_display_settings           [   0.07032] color: 16 (rgba 5650), depth: 24, stencil: 8, acc: 0000, samples: 0/0
display  D   display_settings.c:527  _al_score_display_settings       [   0.07065] Score is : 897
display  D   display_settings.c:212  debug_display_settings           [   0.07076] color: 16 (rgba 5650), depth: 24, stencil: 8, acc: 0000, samples: 0/0
display  D   display_settings.c:527  _al_score_display_settings       [   0.07084] Score is : 897
display  D   display_settings.c:212  debug_display_settings           [   0.07094] color: 16 (rgba 5650), depth: 24, stencil: 8, acc: 0000, samples: 2/1
display  D   display_settings.c:527  _al_score_display_settings       [   0.07105] Score is : 726
display  D   display_settings.c:212  debug_display_settings           [   0.07113] color: 16 (rgba 5650), depth: 24, stencil: 8, acc: 0000, samples: 3/1
display  D   display_settings.c:527  _al_score_display_settings       [   0.07142] Score is : 721
display  D   display_settings.c:212  debug_display_settings           [   0.07153] color: 16 (rgba 5650), depth: 24, stencil: 8, acc: 0000, samples: 4/1
display  D   display_settings.c:527  _al_score_display_settings       [   0.07159] Score is : 717
display  D   display_settings.c:212  debug_display_settings           [   0.07166] color: 16 (rgba 5650), depth: 24, stencil: 0, acc: 0000, samples: 0/0
display  D   display_settings.c:527  _al_score_display_settings       [   0.07173] Score is : 897
display  D   display_settings.c:212  debug_display_settings           [   0.07180] color: 16 (rgba 5650), depth: 24, stencil: 0, acc: 0000, samples: 0/0
display  D   display_settings.c:527  _al_score_display_settings       [   0.07187] Score is : 897
display  D   display_settings.c:212  debug_display_settings           [   0.07193] color: 16 (rgba 5650), depth: 24, stencil: 0, acc: 0000, samples: 2/1
display  D   display_settings.c:527  _al_score_display_settings       [   0.07199] Score is : 726
display  D   display_settings.c:212  debug_display_settings           [   0.07205] color: 16 (rgba 5650), depth: 24, stencil: 0, acc: 0000, samples: 3/1
display  D   display_settings.c:527  _al_score_display_settings       [   0.07215] Score is : 721
display  D   display_settings.c:212  debug_display_settings           [   0.07221] color: 16 (rgba 5650), depth: 24, stencil: 0, acc: 0000, samples: 4/1
display  D   display_settings.c:527  _al_score_display_settings       [   0.07230] Score is : 717
display  D   display_settings.c:212  debug_display_settings           [   0.07242] color: 16 (rgba 5650), depth: 16, stencil: 0, acc: 0000, samples: 0/0
display  D   display_settings.c:527  _al_score_display_settings       [   0.07250] Score is : 897
display  D   display_settings.c:212  debug_display_settings           [   0.07258] color: 16 (rgba 5650), depth: 16, stencil: 0, acc: 0000, samples: 0/0
display  D   display_settings.c:527  _al_score_display_settings       [   0.07268] Score is : 897
display  D   display_settings.c:212  debug_display_settings           [   0.07274] color: 16 (rgba 5650), depth: 16, stencil: 0, acc: 0000, samples: 2/1
display  D   display_settings.c:527  _al_score_display_settings       [   0.07282] Score is : 726
display  D   display_settings.c:212  debug_display_settings           [   0.07287] color: 16 (rgba 5650), depth: 16, stencil: 0, acc: 0000, samples: 3/1
display  D   display_settings.c:527  _al_score_display_settings       [   0.07296] Score is : 721
display  D   display_settings.c:212  debug_display_settings           [   0.07303] color: 16 (rgba 5650), depth: 16, stencil: 0, acc: 0000, samples: 4/1
display  D   display_settings.c:527  _al_score_display_settings       [   0.07313] Score is : 717
display  D   display_settings.c:212  debug_display_settings           [   0.07322] color: 32 (rgba 8880), depth: 0, stencil: 0, acc: 0000, samples: 0/0
display  D   display_settings.c:398  _al_score_display_settings       [   0.07334] Single Buffer requirement not met.
display  D   display_settings.c:212  debug_display_settings           [   0.07344] color: 32 (rgba 8880), depth: 0, stencil: 0, acc: 0000, samples: 0/0
display  D   display_settings.c:398  _al_score_display_settings       [   0.07354] Single Buffer requirement not met.
display  D   display_settings.c:212  debug_display_settings           [   0.07362] color: 32 (rgba 8880), depth: 0, stencil: 0, acc: 0000, samples: 2/1
display  D   display_settings.c:398  _al_score_display_settings       [   0.07368] Single Buffer requirement not met.
display  D   display_settings.c:212  debug_display_settings           [   0.07378] color: 32 (rgba 8880), depth: 0, stencil: 0, acc: 0000, samples: 3/1
display  D   display_settings.c:398  _al_score_display_settings       [   0.07388] Single Buffer requirement not met.
display  D   display_settings.c:212  debug_display_settings           [   0.07395] color: 32 (rgba 8880), depth: 0, stencil: 0, acc: 0000, samples: 4/1
display  D   display_settings.c:398  _al_score_display_settings       [   0.07404] Single Buffer requirement not met.
display  D   display_settings.c:212  debug_display_settings           [   0.07410] color: 32 (rgba 8880), depth: 24, stencil: 8, acc: 0000, samples: 0/0
display  D   display_settings.c:398  _al_score_display_settings       [   0.07418] Single Buffer requirement not met.
display  D   display_settings.c:212  debug_display_settings           [   0.07428] color: 32 (rgba 8880), depth: 24, stencil: 8, acc: 0000, samples: 0/0
display  D   display_settings.c:398  _al_score_display_settings       [   0.07439] Single Buffer requirement not met.
display  D   display_settings.c:212  debug_display_settings           [   0.07449] color: 32 (rgba 8880), depth: 24, stencil: 8, acc: 0000, samples: 2/1
display  D   display_settings.c:398  _al_score_display_settings       [   0.07466] Single Buffer requirement not met.
display  D   display_settings.c:212  debug_display_settings           [   0.07477] color: 32 (rgba 8880), depth: 24, stencil: 8, acc: 0000, samples: 3/1
display  D   display_settings.c:398  _al_score_display_settings       [   0.07484] Single Buffer requirement not met.
display  D   display_settings.c:212  debug_display_settings           [   0.07489] color: 32 (rgba 8880), depth: 24, stencil: 8, acc: 0000, samples: 4/1
display  D   display_settings.c:398  _al_score_display_settings       [   0.07499] Single Buffer requirement not met.
display  D   display_settings.c:212  debug_display_settings           [   0.07505] color: 32 (rgba 8880), depth: 24, stencil: 0, acc: 0000, samples: 0/0
display  D   display_settings.c:398  _al_score_display_settings       [   0.07514] Single Buffer requirement not met.
display  D   display_settings.c:212  debug_display_settings           [   0.07520] color: 32 (rgba 8880), depth: 24, stencil: 0, acc: 0000, samples: 0/0
display  D   display_settings.c:398  _al_score_display_settings       [   0.07529] Single Buffer requirement not met.
display  D   display_settings.c:212  debug_display_settings           [   0.07534] color: 32 (rgba 8880), depth: 24, stencil: 0, acc: 0000, samples: 2/1
display  D   display_settings.c:398  _al_score_display_settings       [   0.07540] Single Buffer requirement not met.
display  D   display_settings.c:212  debug_display_settings           [   0.07545] color: 32 (rgba 8880), depth: 24, stencil: 0, acc: 0000, samples: 3/1
display  D   display_settings.c:398  _al_score_display_settings       [   0.07551] Single Buffer requirement not met.
display  D   display_settings.c:212  debug_display_settings           [   0.07557] color: 32 (rgba 8880), depth: 24, stencil: 0, acc: 0000, samples: 4/1
display  D   display_settings.c:398  _al_score_display_settings       [   0.07563] Single Buffer requirement not met.
display  D   display_settings.c:212  debug_display_settings           [   0.07573] color: 32 (rgba 8880), depth: 16, stencil: 0, acc: 0000, samples: 0/0
display  D   display_settings.c:398  _al_score_display_settings       [   0.07579] Single Buffer requirement not met.
display  D   display_settings.c:212  debug_display_settings           [   0.07584] color: 32 (rgba 8880), depth: 16, stencil: 0, acc: 0000, samples: 0/0
display  D   display_settings.c:398  _al_score_display_settings       [   0.07589] Single Buffer requirement not met.
display  D   display_settings.c:212  debug_display_settings           [   0.07595] color: 32 (rgba 8880), depth: 16, stencil: 0, acc: 0000, samples: 2/1
display  D   display_settings.c:398  _al_score_display_settings       [   0.07602] Single Buffer requirement not met.
display  D   display_settings.c:212  debug_display_settings           [   0.07608] color: 32 (rgba 8880), depth: 16, stencil: 0, acc: 0000, samples: 3/1
display  D   display_settings.c:398  _al_score_display_settings       [   0.07615] Single Buffer requirement not met.
display  D   display_settings.c:212  debug_display_settings           [   0.07621] color: 32 (rgba 8880), depth: 16, stencil: 0, acc: 0000, samples: 4/1
display  D   display_settings.c:398  _al_score_display_settings       [   0.07627] Single Buffer requirement not met.
display  D   display_settings.c:212  debug_display_settings           [   0.07633] color: 16 (rgba 5650), depth: 0, stencil: 0, acc: 0000, samples: 0/0
display  D   display_settings.c:398  _al_score_display_settings       [   0.07640] Single Buffer requirement not met.
display  D   display_settings.c:212  debug_display_settings           [   0.07646] color: 16 (rgba 5650), depth: 0, stencil: 0, acc: 0000, samples: 0/0
display  D   display_settings.c:398  _al_score_display_settings       [   0.07653] Single Buffer requirement not met.
display  D   display_settings.c:212  debug_display_settings           [   0.07659] color: 16 (rgba 5650), depth: 0, stencil: 0, acc: 0000, samples: 2/1
display  D   display_settings.c:398  _al_score_display_settings       [   0.07665] Single Buffer requirement not met.
display  D   display_settings.c:212  debug_display_settings           [   0.07671] color: 16 (rgba 5650), depth: 0, stencil: 0, acc: 0000, samples: 3/1
display  D   display_settings.c:398  _al_score_display_settings       [   0.07680] Single Buffer requirement not met.
display  D   display_settings.c:212  debug_display_settings           [   0.07686] color: 16 (rgba 5650), depth: 0, stencil: 0, acc: 0000, samples: 4/1
display  D   display_settings.c:398  _al_score_display_settings       [   0.07692] Single Buffer requirement not met.
display  D   display_settings.c:212  debug_display_settings           [   0.07697] color: 16 (rgba 5650), depth: 24, stencil: 8, acc: 0000, samples: 0/0
display  D   display_settings.c:398  _al_score_display_settings       [   0.07703] Single Buffer requirement not met.
display  D   display_settings.c:212  debug_display_settings           [   0.07709] color: 16 (rgba 5650), depth: 24, stencil: 8, acc: 0000, samples: 0/0
display  D   display_settings.c:398  _al_score_display_settings       [   0.07715] Single Buffer requirement not met.
display  D   display_settings.c:212  debug_display_settings           [   0.07721] color: 16 (rgba 5650), depth: 24, stencil: 8, acc: 0000, samples: 2/1
display  D   display_settings.c:398  _al_score_display_settings       [   0.07729] Single Buffer requirement not met.
display  D   display_settings.c:212  debug_display_settings           [   0.07735] color: 16 (rgba 5650), depth: 24, stencil: 8, acc: 0000, samples: 3/1
display  D   display_settings.c:398  _al_score_display_settings       [   0.07741] Single Buffer requirement not met.
display  D   display_settings.c:212  debug_display_settings           [   0.07746] color: 16 (rgba 5650), depth: 24, stencil: 8, acc: 0000, samples: 4/1
display  D   display_settings.c:398  _al_score_display_settings       [   0.07752] Single Buffer requirement not met.
display  D   display_settings.c:212  debug_display_settings           [   0.07758] color: 16 (rgba 5650), depth: 24, stencil: 0, acc: 0000, samples: 0/0
display  D   display_settings.c:398  _al_score_display_settings       [   0.07765] Single Buffer requirement not met.
display  D   display_settings.c:212  debug_display_settings           [   0.07770] color: 16 (rgba 5650), depth: 24, stencil: 0, acc: 0000, samples: 0/0
display  D   display_settings.c:398  _al_score_display_settings       [   0.07776] Single Buffer requirement not met.
display  D   display_settings.c:212  debug_display_settings           [   0.07781] color: 16 (rgba 5650), depth: 24, stencil: 0, acc: 0000, samples: 2/1
display  D   display_settings.c:398  _al_score_display_settings       [   0.07787] Single Buffer requirement not met.
display  D   display_settings.c:212  debug_display_settings           [   0.07793] color: 16 (rgba 5650), depth: 24, stencil: 0, acc: 0000, samples: 3/1
display  D   display_settings.c:398  _al_score_display_settings       [   0.07804] Single Buffer requirement not met.
display  D   display_settings.c:212  debug_display_settings           [   0.07810] color: 16 (rgba 5650), depth: 24, stencil: 0, acc: 0000, samples: 4/1
display  D   display_settings.c:398  _al_score_display_settings       [   0.07816] Single Buffer requirement not met.
display  D   display_settings.c:212  debug_display_settings           [   0.07822] color: 16 (rgba 5650), depth: 16, stencil: 0, acc: 0000, samples: 0/0
display  D   display_settings.c:398  _al_score_display_settings       [   0.07830] Single Buffer requirement not met.
display  D   display_settings.c:212  debug_display_settings           [   0.07836] color: 16 (rgba 5650), depth: 16, stencil: 0, acc: 0000, samples: 0/0
display  D   display_settings.c:398  _al_score_display_settings       [   0.07842] Single Buffer requirement not met.
display  D   display_settings.c:212  debug_display_settings           [   0.07849] color: 16 (rgba 5650), depth: 16, stencil: 0, acc: 0000, samples: 2/1
display  D   display_settings.c:398  _al_score_display_settings       [   0.07856] Single Buffer requirement not met.
display  D   display_settings.c:212  debug_display_settings           [   0.07862] color: 16 (rgba 5650), depth: 16, stencil: 0, acc: 0000, samples: 3/1
display  D   display_settings.c:398  _al_score_display_settings       [   0.07868] Single Buffer requirement not met.
display  D   display_settings.c:212  debug_display_settings           [   0.07874] color: 16 (rgba 5650), depth: 16, stencil: 0, acc: 0000, samples: 4/1
display  D   display_settings.c:398  _al_score_display_settings       [   0.07881] Single Buffer requirement not met.
display  D   display_settings.c:212  debug_display_settings           [   0.07887] color: 32 (rgba 8880), depth: 0, stencil: 0, acc: 0000, samples: 0/0
display  D   display_settings.c:527  _al_score_display_settings       [   0.07894] Score is : 769
display  D   display_settings.c:212  debug_display_settings           [   0.07900] color: 32 (rgba 8880), depth: 0, stencil: 0, acc: 0000, samples: 0/0
display  D   display_settings.c:527  _al_score_display_settings       [   0.07906] Score is : 769
display  D   display_settings.c:212  debug_display_settings           [   0.07911] color: 32 (rgba 8880), depth: 0, stencil: 0, acc: 0000, samples: 2/1
display  D   display_settings.c:527  _al_score_display_settings       [   0.07918] Score is : 598
display  D   display_settings.c:212  debug_display_settings           [   0.07924] color: 32 (rgba 8880), depth: 0, stencil: 0, acc: 0000, samples: 3/1
display  D   display_settings.c:527  _al_score_display_settings       [   0.07930] Score is : 593
display  D   display_settings.c:212  debug_display_settings           [   0.07936] color: 32 (rgba 8880), depth: 0, stencil: 0, acc: 0000, samples: 4/1
display  D   display_settings.c:527  _al_score_display_settings       [   0.07942] Score is : 589
display  D   display_settings.c:212  debug_display_settings           [   0.07949] color: 32 (rgba 8880), depth: 24, stencil: 8, acc: 0000, samples: 0/0
display  D   display_settings.c:527  _al_score_display_settings       [   0.07955] Score is : 769
display  D   display_settings.c:212  debug_display_settings           [   0.07961] color: 32 (rgba 8880), depth: 24, stencil: 8, acc: 0000, samples: 0/0
display  D   display_settings.c:527  _al_score_display_settings       [   0.07968] Score is : 769
display  D   display_settings.c:212  debug_display_settings           [   0.07973] color: 32 (rgba 8880), depth: 24, stencil: 8, acc: 0000, samples: 2/1
display  D   display_settings.c:527  _al_score_display_settings       [   0.07979] Score is : 598
display  D   display_settings.c:212  debug_display_settings           [   0.07985] color: 32 (rgba 8880), depth: 24, stencil: 8, acc: 0000, samples: 3/1
display  D   display_settings.c:527  _al_score_display_settings       [   0.07992] Score is : 593
display  D   display_settings.c:212  debug_display_settings           [   0.07998] color: 32 (rgba 8880), depth: 24, stencil: 8, acc: 0000, samples: 4/1
display  D   display_settings.c:527  _al_score_display_settings       [   0.08004] Score is : 589
display  D   display_settings.c:212  debug_display_settings           [   0.08009] color: 32 (rgba 8880), depth: 24, stencil: 0, acc: 0000, samples: 0/0
display  D   display_settings.c:527  _al_score_display_settings       [   0.08016] Score is : 769
display  D   display_settings.c:212  debug_display_settings           [   0.08022] color: 32 (rgba 8880), depth: 24, stencil: 0, acc: 0000, samples: 0/0
display  D   display_settings.c:527  _al_score_display_settings       [   0.08028] Score is : 769
display  D   display_settings.c:212  debug_display_settings           [   0.08033] color: 32 (rgba 8880), depth: 24, stencil: 0, acc: 0000, samples: 2/1
display  D   display_settings.c:527  _al_score_display_settings       [   0.08039] Score is : 598
display  D   display_settings.c:212  debug_display_settings           [   0.08045] color: 32 (rgba 8880), depth: 24, stencil: 0, acc: 0000, samples: 3/1
display  D   display_settings.c:527  _al_score_display_settings       [   0.08051] Score is : 593
display  D   display_settings.c:212  debug_display_settings           [   0.08057] color: 32 (rgba 8880), depth: 24, stencil: 0, acc: 0000, samples: 4/1
display  D   display_settings.c:527  _al_score_display_settings       [   0.08063] Score is : 589
display  D   display_settings.c:212  debug_display_settings           [   0.08069] color: 32 (rgba 8880), depth: 16, stencil: 0, acc: 0000, samples: 0/0
display  D   display_settings.c:527  _al_score_display_settings       [   0.08076] Score is : 769
display  D   display_settings.c:212  debug_display_settings           [   0.08081] color: 32 (rgba 8880), depth: 16, stencil: 0, acc: 0000, samples: 0/0
display  D   display_settings.c:527  _al_score_display_settings       [   0.08087] Score is : 769
display  D   display_settings.c:212  debug_display_settings           [   0.08093] color: 32 (rgba 8880), depth: 16, stencil: 0, acc: 0000, samples: 2/1
display  D   display_settings.c:527  _al_score_display_settings       [   0.08099] Score is : 598
display  D   display_settings.c:212  debug_display_settings           [   0.08105] color: 32 (rgba 8880), depth: 16, stencil: 0, acc: 0000, samples: 3/1
display  D   display_settings.c:527  _al_score_display_settings       [   0.08112] Score is : 593
display  D   display_settings.c:212  debug_display_settings           [   0.08118] color: 32 (rgba 8880), depth: 16, stencil: 0, acc: 0000, samples: 4/1
display  D   display_settings.c:527  _al_score_display_settings       [   0.08125] Score is : 589
display  D   display_settings.c:212  debug_display_settings           [   0.08131] color: 16 (rgba 5650), depth: 0, stencil: 0, acc: 0000, samples: 0/0
display  D   display_settings.c:527  _al_score_display_settings       [   0.08137] Score is : 769
display  D   display_settings.c:212  debug_display_settings           [   0.08142] color: 16 (rgba 5650), depth: 0, stencil: 0, acc: 0000, samples: 0/0
display  D   display_settings.c:527  _al_score_display_settings       [   0.08150] Score is : 769
display  D   display_settings.c:212  debug_display_settings           [   0.08156] color: 16 (rgba 5650), depth: 0, stencil: 0, acc: 0000, samples: 2/1
display  D   display_settings.c:527  _al_score_display_settings       [   0.08162] Score is : 598
display  D   display_settings.c:212  debug_display_settings           [   0.08167] color: 16 (rgba 5650), depth: 0, stencil: 0, acc: 0000, samples: 3/1
display  D   display_settings.c:527  _al_score_display_settings       [   0.08174] Score is : 593
display  D   display_settings.c:212  debug_display_settings           [   0.08180] color: 16 (rgba 5650), depth: 0, stencil: 0, acc: 0000, samples: 4/1
display  D   display_settings.c:527  _al_score_display_settings       [   0.08187] Score is : 589
display  D   display_settings.c:212  debug_display_settings           [   0.08193] color: 16 (rgba 5650), depth: 24, stencil: 8, acc: 0000, samples: 0/0
display  D   display_settings.c:527  _al_score_display_settings       [   0.08200] Score is : 769
display  D   display_settings.c:212  debug_display_settings           [   0.08206] color: 16 (rgba 5650), depth: 24, stencil: 8, acc: 0000, samples: 0/0
display  D   display_settings.c:527  _al_score_display_settings       [   0.08212] Score is : 769
display  D   display_settings.c:212  debug_display_settings           [   0.08218] color: 16 (rgba 5650), depth: 24, stencil: 8, acc: 0000, samples: 2/1
display  D   display_settings.c:527  _al_score_display_settings       [   0.08224] Score is : 598
display  D   display_settings.c:212  debug_display_settings           [   0.08230] color: 16 (rgba 5650), depth: 24, stencil: 8, acc: 0000, samples: 3/1
display  D   display_settings.c:527  _al_score_display_settings       [   0.08236] Score is : 593
display  D   display_settings.c:212  debug_display_settings           [   0.08241] color: 16 (rgba 5650), depth: 24, stencil: 8, acc: 0000, samples: 4/1
display  D   display_settings.c:527  _al_score_display_settings       [   0.08248] Score is : 589
display  D   display_settings.c:212  debug_display_settings           [   0.08254] color: 16 (rgba 5650), depth: 24, stencil: 0, acc: 0000, samples: 0/0
display  D   display_settings.c:527  _al_score_display_settings       [   0.08259] Score is : 769
display  D   display_settings.c:212  debug_display_settings           [   0.08264] color: 16 (rgba 5650), depth: 24, stencil: 0, acc: 0000, samples: 0/0
display  D   display_settings.c:527  _al_score_display_settings       [   0.08270] Score is : 769
display  D   display_settings.c:212  debug_display_settings           [   0.08276] color: 16 (rgba 5650), depth: 24, stencil: 0, acc: 0000, samples: 2/1
display  D   display_settings.c:527  _al_score_display_settings       [   0.08282] Score is : 598
display  D   display_settings.c:212  debug_display_settings           [   0.08287] color: 16 (rgba 5650), depth: 24, stencil: 0, acc: 0000, samples: 3/1
display  D   display_settings.c:527  _al_score_display_settings       [   0.08293] Score is : 593
display  D   display_settings.c:212  debug_display_settings           [   0.08299] color: 16 (rgba 5650), depth: 24, stencil: 0, acc: 0000, samples: 4/1
display  D   display_settings.c:527  _al_score_display_settings       [   0.08309] Score is : 589
display  D   display_settings.c:212  debug_display_settings           [   0.08316] color: 16 (rgba 5650), depth: 16, stencil: 0, acc: 0000, samples: 0/0
display  D   display_settings.c:527  _al_score_display_settings       [   0.08328] Score is : 769
display  D   display_settings.c:212  debug_display_settings           [   0.08334] color: 16 (rgba 5650), depth: 16, stencil: 0, acc: 0000, samples: 0/0
display  D   display_settings.c:527  _al_score_display_settings       [   0.08340] Score is : 769
display  D   display_settings.c:212  debug_display_settings           [   0.08346] color: 16 (rgba 5650), depth: 16, stencil: 0, acc: 0000, samples: 2/1
display  D   display_settings.c:527  _al_score_display_settings       [   0.08357] Score is : 598
display  D   display_settings.c:212  debug_display_settings           [   0.08363] color: 16 (rgba 5650), depth: 16, stencil: 0, acc: 0000, samples: 3/1
display  D   display_settings.c:527  _al_score_display_settings       [   0.08369] Score is : 593
display  D   display_settings.c:212  debug_display_settings           [   0.08376] color: 16 (rgba 5650), depth: 16, stencil: 0, acc: 0000, samples: 4/1
display  D   display_settings.c:527  _al_score_display_settings       [   0.08382] Score is : 589
display  D   display_settings.c:212  debug_display_settings           [   0.08388] color: 32 (rgba 8880), depth: 0, stencil: 0, acc: 0000, samples: 0/0
display  D   display_settings.c:398  _al_score_display_settings       [   0.08394] Single Buffer requirement not met.
display  D   display_settings.c:212  debug_display_settings           [   0.08400] color: 32 (rgba 8880), depth: 0, stencil: 0, acc: 0000, samples: 0/0
display  D   display_settings.c:398  _al_score_display_settings       [   0.08406] Single Buffer requirement not met.
display  D   display_settings.c:212  debug_display_settings           [   0.08412] color: 32 (rgba 8880), depth: 0, stencil: 0, acc: 0000, samples: 2/1
display  D   display_settings.c:398  _al_score_display_settings       [   0.08418] Single Buffer requirement not met.
display  D   display_settings.c:212  debug_display_settings           [   0.08424] color: 32 (rgba 8880), depth: 0, stencil: 0, acc: 0000, samples: 3/1
display  D   display_settings.c:398  _al_score_display_settings       [   0.08430] Single Buffer requirement not met.
display  D   display_settings.c:212  debug_display_settings           [   0.08436] color: 32 (rgba 8880), depth: 0, stencil: 0, acc: 0000, samples: 4/1
display  D   display_settings.c:398  _al_score_display_settings       [   0.08442] Single Buffer requirement not met.
display  D   display_settings.c:212  debug_display_settings           [   0.08448] color: 32 (rgba 8880), depth: 24, stencil: 8, acc: 0000, samples: 0/0
display  D   display_settings.c:398  _al_score_display_settings       [   0.08454] Single Buffer requirement not met.
display  D   display_settings.c:212  debug_display_settings           [   0.08460] color: 32 (rgba 8880), depth: 24, stencil: 8, acc: 0000, samples: 0/0
display  D   display_settings.c:398  _al_score_display_settings       [   0.08466] Single Buffer requirement not met.
display  D   display_settings.c:212  debug_display_settings           [   0.08472] color: 32 (rgba 8880), depth: 24, stencil: 8, acc: 0000, samples: 2/1
display  D   display_settings.c:398  _al_score_display_settings       [   0.08478] Single Buffer requirement not met.
display  D   display_settings.c:212  debug_display_settings           [   0.08483] color: 32 (rgba 8880), depth: 24, stencil: 8, acc: 0000, samples: 3/1
display  D   display_settings.c:398  _al_score_display_settings       [   0.08489] Single Buffer requirement not met.
display  D   display_settings.c:212  debug_display_settings           [   0.08495] color: 32 (rgba 8880), depth: 24, stencil: 8, acc: 0000, samples: 4/1
display  D   display_settings.c:398  _al_score_display_settings       [   0.08502] Single Buffer requirement not met.
display  D   display_settings.c:212  debug_display_settings           [   0.08508] color: 32 (rgba 8880), depth: 24, stencil: 0, acc: 0000, samples: 0/0
display  D   display_settings.c:398  _al_score_display_settings       [   0.08515] Single Buffer requirement not met.
display  D   display_settings.c:212  debug_display_settings           [   0.08520] color: 32 (rgba 8880), depth: 24, stencil: 0, acc: 0000, samples: 0/0
display  D   display_settings.c:398  _al_score_display_settings       [   0.08526] Single Buffer requirement not met.
display  D   display_settings.c:212  debug_display_settings           [   0.08532] color: 32 (rgba 8880), depth: 24, stencil: 0, acc: 0000, samples: 2/1
display  D   display_settings.c:398  _al_score_display_settings       [   0.08539] Single Buffer requirement not met.
display  D   display_settings.c:212  debug_display_settings           [   0.08567] color: 32 (rgba 8880), depth: 24, stencil: 0, acc: 0000, samples: 3/1
display  D   display_settings.c:398  _al_score_display_settings       [   0.08574] Single Buffer requirement not met.
display  D   display_settings.c:212  debug_display_settings           [   0.08580] color: 32 (rgba 8880), depth: 24, stencil: 0, acc: 0000, samples: 4/1
display  D   display_settings.c:398  _al_score_display_settings       [   0.08586] Single Buffer requirement not met.
display  D   display_settings.c:212  debug_display_settings           [   0.08592] color: 32 (rgba 8880), depth: 16, stencil: 0, acc: 0000, samples: 0/0
display  D   display_settings.c:398  _al_score_display_settings       [   0.08598] Single Buffer requirement not met.
display  D   display_settings.c:212  debug_display_settings           [   0.08604] color: 32 (rgba 8880), depth: 16, stencil: 0, acc: 0000, samples: 0/0
display  D   display_settings.c:398  _al_score_display_settings       [   0.08611] Single Buffer requirement not met.
display  D   display_settings.c:212  debug_display_settings           [   0.08617] color: 32 (rgba 8880), depth: 16, stencil: 0, acc: 0000, samples: 2/1
display  D   display_settings.c:398  _al_score_display_settings       [   0.08624] Single Buffer requirement not met.
display  D   display_settings.c:212  debug_display_settings           [   0.08630] color: 32 (rgba 8880), depth: 16, stencil: 0, acc: 0000, samples: 3/1
display  D   display_settings.c:398  _al_score_display_settings       [   0.08637] Single Buffer requirement not met.
display  D   display_settings.c:212  debug_display_settings           [   0.08643] color: 32 (rgba 8880), depth: 16, stencil: 0, acc: 0000, samples: 4/1
display  D   display_settings.c:398  _al_score_display_settings       [   0.08649] Single Buffer requirement not met.
display  D   display_settings.c:212  debug_display_settings           [   0.08656] color: 16 (rgba 5650), depth: 0, stencil: 0, acc: 0000, samples: 0/0
display  D   display_settings.c:398  _al_score_display_settings       [   0.08662] Single Buffer requirement not met.
display  D   display_settings.c:212  debug_display_settings           [   0.08668] color: 16 (rgba 5650), depth: 0, stencil: 0, acc: 0000, samples: 0/0
display  D   display_settings.c:398  _al_score_display_settings       [   0.08675] Single Buffer requirement not met.
display  D   display_settings.c:212  debug_display_settings           [   0.08681] color: 16 (rgba 5650), depth: 0, stencil: 0, acc: 0000, samples: 2/1
display  D   display_settings.c:398  _al_score_display_settings       [   0.08687] Single Buffer requirement not met.
display  D   display_settings.c:212  debug_display_settings           [   0.08694] color: 16 (rgba 5650), depth: 0, stencil: 0, acc: 0000, samples: 3/1
display  D   display_settings.c:398  _al_score_display_settings       [   0.08700] Single Buffer requirement not met.
display  D   display_settings.c:212  debug_display_settings           [   0.08707] color: 16 (rgba 5650), depth: 0, stencil: 0, acc: 0000, samples: 4/1
display  D   display_settings.c:398  _al_score_display_settings       [   0.08713] Single Buffer requirement not met.
display  D   display_settings.c:212  debug_display_settings           [   0.08719] color: 16 (rgba 5650), depth: 24, stencil: 8, acc: 0000, samples: 0/0
display  D   display_settings.c:398  _al_score_display_settings       [   0.08726] Single Buffer requirement not met.
display  D   display_settings.c:212  debug_display_settings           [   0.08732] color: 16 (rgba 5650), depth: 24, stencil: 8, acc: 0000, samples: 0/0
display  D   display_settings.c:398  _al_score_display_settings       [   0.08738] Single Buffer requirement not met.
display  D   display_settings.c:212  debug_display_settings           [   0.08744] color: 16 (rgba 5650), depth: 24, stencil: 8, acc: 0000, samples: 2/1
display  D   display_settings.c:398  _al_score_display_settings       [   0.08750] Single Buffer requirement not met.
display  D   display_settings.c:212  debug_display_settings           [   0.08756] color: 16 (rgba 5650), depth: 24, stencil: 8, acc: 0000, samples: 3/1
display  D   display_settings.c:398  _al_score_display_settings       [   0.08762] Single Buffer requirement not met.
display  D   display_settings.c:212  debug_display_settings           [   0.08768] color: 16 (rgba 5650), depth: 24, stencil: 8, acc: 0000, samples: 4/1
display  D   display_settings.c:398  _al_score_display_settings       [   0.08775] Single Buffer requirement not met.
display  D   display_settings.c:212  debug_display_settings           [   0.08780] color: 16 (rgba 5650), depth: 24, stencil: 0, acc: 0000, samples: 0/0
display  D   display_settings.c:398  _al_score_display_settings       [   0.08787] Single Buffer requirement not met.
display  D   display_settings.c:212  debug_display_settings           [   0.08793] color: 16 (rgba 5650), depth: 24, stencil: 0, acc: 0000, samples: 0/0
display  D   display_settings.c:398  _al_score_display_settings       [   0.08800] Single Buffer requirement not met.
display  D   display_settings.c:212  debug_display_settings           [   0.08806] color: 16 (rgba 5650), depth: 24, stencil: 0, acc: 0000, samples: 2/1
display  D   display_settings.c:398  _al_score_display_settings       [   0.08812] Single Buffer requirement not met.
display  D   display_settings.c:212  debug_display_settings           [   0.08818] color: 16 (rgba 5650), depth: 24, stencil: 0, acc: 0000, samples: 3/1
display  D   display_settings.c:398  _al_score_display_settings       [   0.08824] Single Buffer requirement not met.
display  D   display_settings.c:212  debug_display_settings           [   0.08830] color: 16 (rgba 5650), depth: 24, stencil: 0, acc: 0000, samples: 4/1
display  D   display_settings.c:398  _al_score_display_settings       [   0.08836] Single Buffer requirement not met.
display  D   display_settings.c:212  debug_display_settings           [   0.08841] color: 16 (rgba 5650), depth: 16, stencil: 0, acc: 0000, samples: 0/0
display  D   display_settings.c:398  _al_score_display_settings       [   0.08847] Single Buffer requirement not met.
display  D   display_settings.c:212  debug_display_settings           [   0.08853] color: 16 (rgba 5650), depth: 16, stencil: 0, acc: 0000, samples: 0/0
display  D   display_settings.c:398  _al_score_display_settings       [   0.08859] Single Buffer requirement not met.
display  D   display_settings.c:212  debug_display_settings           [   0.08865] color: 16 (rgba 5650), depth: 16, stencil: 0, acc: 0000, samples: 2/1
display  D   display_settings.c:398  _al_score_display_settings       [   0.08871] Single Buffer requirement not met.
display  D   display_settings.c:212  debug_display_settings           [   0.08876] color: 16 (rgba 5650), depth: 16, stencil: 0, acc: 0000, samples: 3/1
display  D   display_settings.c:398  _al_score_display_settings       [   0.08883] Single Buffer requirement not met.
display  D   display_settings.c:212  debug_display_settings           [   0.08888] color: 16 (rgba 5650), depth: 16, stencil: 0, acc: 0000, samples: 4/1
display  D   display_settings.c:398  _al_score_display_settings       [   0.08894] Single Buffer requirement not met.
d3d      D         d3d_disp.cpp:1678 d3d_create_display_internals     [   0.08905] Trying format 0.
d3d      I         d3d_disp.cpp:1354 d3d_display_thread_proc          [   0.09094] Chose a display format: 23
d3d      I         d3d_disp.cpp:1423 d3d_display_thread_proc          [   0.09102] Normal window.
d3d      I         d3d_disp.cpp:791  d3d_create_device                [   0.14417] Using no depth stencil buffer
d3d      D         d3d_disp.cpp:849  d3d_create_device                [   0.22859] BeginScene succeeded in create_device
d3d      D         d3d_disp.cpp:857  d3d_create_device                [   0.22876] Success
d3d      D         d3d_disp.cpp:1701 d3d_create_display_internals     [   0.22886] Resumed after wait.
d3d      I         d3d_disp.cpp:1734 d3d_create_display_internals     [   0.22901] Format 0 succeeded.
d3d      D         d3d_disp.cpp:1765 d3d_create_display_internals     [   0.22910] Returning d3d_display: 000001BC675B5810
d3d      D         d3d_disp.cpp:1790 d3d_create_display_locked        [   0.22921] al_display=000001BC675B5810
d3d      D         d3d_disp.cpp:1791 d3d_create_display_locked        [   0.22927] al_display->vt=000001BC675B41D0
dtor     D               dtor.c:196  _al_register_destructor          [   0.22958] added dtor for bitmap 000001BC676ECC00, func 00007FFF0B9D1186
dtor     D               dtor.c:196  _al_register_destructor          [   0.23019] added dtor for bitmap 000001BC676ED1D0, func 00007FFF0B9D1186
d3d      D         d3d_disp.cpp:1198 real_choose_bitmap_format        [   0.23255] Fake format
d3d      D         d3d_disp.cpp:1198 real_choose_bitmap_format        [   0.23265] Fake format
d3d      D         d3d_disp.cpp:1198 real_choose_bitmap_format        [   0.23276] Fake format
d3d      D         d3d_disp.cpp:1198 real_choose_bitmap_format        [   0.23285] Fake format
d3d      D         d3d_disp.cpp:1198 real_choose_bitmap_format        [   0.23294] Fake format
d3d      D         d3d_disp.cpp:1198 real_choose_bitmap_format        [   0.23303] Fake format
d3d      D         d3d_disp.cpp:1198 real_choose_bitmap_format        [   0.23313] Fake format
d3d      D         d3d_disp.cpp:1198 real_choose_bitmap_format        [   0.23319] Fake format
d3d      D         d3d_disp.cpp:1198 real_choose_bitmap_format        [   0.23326] Fake format
d3d      D         d3d_disp.cpp:1206 real_choose_bitmap_format        [   0.23332] Alpha doesn't match
d3d      D         d3d_disp.cpp:1213 real_choose_bitmap_format        [   0.23338] Adapter format is 23
d3d      D         d3d_disp.cpp:1216 real_choose_bitmap_format        [   0.23344] Found a format
d3d      I         d3d_disp.cpp:2387 d3d_create_bitmap                [   0.23350] Chose bitmap format 9
dtor     D               dtor.c:196  _al_register_destructor          [   0.23408] added dtor for bitmap 000001BC676ED3C0, func 00007FFF0B9D1186
dtor     D               dtor.c:196  _al_register_destructor          [   0.23436] added dtor for sub_bitmap 000001BC676ECDF0, func 00007FFF0B9D1186
dtor     D               dtor.c:196  _al_register_destructor          [   0.23444] added dtor for sub_bitmap 000001BC678DE2A0, func 00007FFF0B9D1186
dtor     D               dtor.c:196  _al_register_destructor          [   0.23451] added dtor for sub_bitmap 000001BC678DE490, func 00007FFF0B9D1186
dtor     D               dtor.c:196  _al_register_destructor          [   0.23458] added dtor for sub_bitmap 000001BC678DEE40, func 00007FFF0B9D1186
dtor     D               dtor.c:196  _al_register_destructor          [   0.23464] added dtor for sub_bitmap 000001BC678DE680, func 00007FFF0B9D1186
dtor     D               dtor.c:196  _al_register_destructor          [   0.23470] added dtor for sub_bitmap 000001BC678DF030, func 00007FFF0B9D1186
dtor     D               dtor.c:196  _al_register_destructor          [   0.23477] added dtor for sub_bitmap 000001BC678DD320, func 00007FFF0B9D1186
dtor     D               dtor.c:196  _al_register_destructor          [   0.23483] added dtor for sub_bitmap 000001BC678DDAE0, func 00007FFF0B9D1186
dtor     D               dtor.c:196  _al_register_destructor          [   0.23489] added dtor for sub_bitmap 000001BC678DD510, func 00007FFF0B9D1186
dtor     D               dtor.c:196  _al_register_destructor          [   0.23496] added dtor for sub_bitmap 000001BC678DEA60, func 00007FFF0B9D1186
dtor     D               dtor.c:196  _al_register_destructor          [   0.23502] added dtor for sub_bitmap 000001BC678DD700, func 00007FFF0B9D1186
dtor     D               dtor.c:196  _al_register_destructor          [   0.23508] added dtor for sub_bitmap 000001BC678DE870, func 00007FFF0B9D1186
dtor     D               dtor.c:196  _al_register_destructor          [   0.23514] added dtor for sub_bitmap 000001BC678DEC50, func 00007FFF0B9D1186
dtor     D               dtor.c:196  _al_register_destructor          [   0.23521] added dtor for sub_bitmap 000001BC678DDCD0, func 00007FFF0B9D1186
dtor     D               dtor.c:196  _al_register_destructor          [   0.23527] added dtor for sub_bitmap 000001BC678DD8F0, func 00007FFF0B9D1186
dtor     D               dtor.c:196  _al_register_destructor          [   0.23534] added dtor for sub_bitmap 000001BC678DDEC0, func 00007FFF0B9D1186
dtor     D               dtor.c:196  _al_register_destructor          [   0.23540] added dtor for sub_bitmap 000001BC678DE0B0, func 00007FFF0B9D1186
dtor     D               dtor.c:196  _al_register_destructor          [   0.23547] added dtor for sub_bitmap 000001BC6570DC50, func 00007FFF0B9D1186
dtor     D               dtor.c:196  _al_register_destructor          [   0.23554] added dtor for sub_bitmap 000001BC6570D680, func 00007FFF0B9D1186
dtor     D               dtor.c:196  _al_register_destructor          [   0.23560] added dtor for sub_bitmap 000001BC6570C130, func 00007FFF0B9D1186
dtor     D               dtor.c:196  _al_register_destructor          [   0.23566] added dtor for sub_bitmap 000001BC6570D870, func 00007FFF0B9D1186
dtor     D               dtor.c:196  _al_register_destructor          [   0.23572] added dtor for sub_bitmap 000001BC6570DE40, func 00007FFF0B9D1186
dtor     D               dtor.c:196  _al_register_destructor          [   0.23579] added dtor for sub_bitmap 000001BC6570C320, func 00007FFF0B9D1186
dtor     D               dtor.c:196  _al_register_destructor          [   0.23584] added dtor for sub_bitmap 000001BC6570DA60, func 00007FFF0B9D1186
dtor     D               dtor.c:196  _al_register_destructor          [   0.23591] added dtor for sub_bitmap 000001BC6570C510, func 00007FFF0B9D1186
dtor     D               dtor.c:196  _al_register_destructor          [   0.23597] added dtor for sub_bitmap 000001BC6570CCD0, func 00007FFF0B9D1186
dtor     D               dtor.c:196  _al_register_destructor          [   0.23603] added dtor for sub_bitmap 000001BC6570C700, func 00007FFF0B9D1186
dtor     D               dtor.c:196  _al_register_destructor          [   0.23610] added dtor for sub_bitmap 000001BC6570D2A0, func 00007FFF0B9D1186
dtor     D               dtor.c:196  _al_register_destructor          [   0.23616] added dtor for sub_bitmap 000001BC6570CEC0, func 00007FFF0B9D1186
dtor     D               dtor.c:196  _al_register_destructor          [   0.23622] added dtor for sub_bitmap 000001BC6570C8F0, func 00007FFF0B9D1186
dtor     D               dtor.c:196  _al_register_destructor          [   0.23628] added dtor for sub_bitmap 000001BC6570CAE0, func 00007FFF0B9D1186
dtor     D               dtor.c:196  _al_register_destructor          [   0.23634] added dtor for sub_bitmap 000001BC6570D0B0, func 00007FFF0B9D1186
dtor     D               dtor.c:196  _al_register_destructor          [   0.23641] added dtor for sub_bitmap 000001BC6570D490, func 00007FFF0B9D1186
dtor     D               dtor.c:196  _al_register_destructor          [   0.23648] added dtor for sub_bitmap 000001BC67779B10, func 00007FFF0B9D1186
dtor     D               dtor.c:196  _al_register_destructor          [   0.23654] added dtor for sub_bitmap 000001BC67779EF0, func 00007FFF0B9D1186
dtor     D               dtor.c:196  _al_register_destructor          [   0.23660] added dtor for sub_bitmap 000001BC6777A4C0, func 00007FFF0B9D1186
dtor     D               dtor.c:196  _al_register_destructor          [   0.23667] added dtor for sub_bitmap 000001BC6777A2D0, func 00007FFF0B9D1186
dtor     D               dtor.c:196  _al_register_destructor          [   0.23674] added dtor for sub_bitmap 000001BC67779160, func 00007FFF0B9D1186
dtor     D               dtor.c:196  _al_register_destructor          [   0.23680] added dtor for sub_bitmap 000001BC6777AA90, func 00007FFF0B9D1186
dtor     D               dtor.c:196  _al_register_destructor          [   0.23687] added dtor for sub_bitmap 000001BC67779350, func 00007FFF0B9D1186
dtor     D               dtor.c:196  _al_register_destructor          [   0.23693] added dtor for sub_bitmap 000001BC67779540, func 00007FFF0B9D1186
dtor     D               dtor.c:196  _al_register_destructor          [   0.23699] added dtor for sub_bitmap 000001BC67779920, func 00007FFF0B9D1186
dtor     D               dtor.c:196  _al_register_destructor          [   0.23705] added dtor for sub_bitmap 000001BC67779730, func 00007FFF0B9D1186
dtor     D               dtor.c:196  _al_register_destructor          [   0.23711] added dtor for sub_bitmap 000001BC6777A6B0, func 00007FFF0B9D1186
dtor     D               dtor.c:196  _al_register_destructor          [   0.23717] added dtor for sub_bitmap 000001BC6777A8A0, func 00007FFF0B9D1186
dtor     D               dtor.c:196  _al_register_destructor          [   0.23723] added dtor for sub_bitmap 000001BC67778F70, func 00007FFF0B9D1186
dtor     D               dtor.c:196  _al_register_destructor          [   0.23730] added dtor for sub_bitmap 000001BC67779D00, func 00007FFF0B9D1186
dtor     D               dtor.c:196  _al_register_destructor          [   0.23737] added dtor for sub_bitmap 000001BC6777A0E0, func 00007FFF0B9D1186
dtor     D               dtor.c:196  _al_register_destructor          [   0.23744] added dtor for sub_bitmap 000001BC6777AC80, func 00007FFF0B9D1186
dtor     D               dtor.c:196  _al_register_destructor          [   0.23752] added dtor for sub_bitmap 000001BC6777B360, func 00007FFF0B9D1186
dtor     D               dtor.c:196  _al_register_destructor          [   0.23762] added dtor for sub_bitmap 000001BC6777B550, func 00007FFF0B9D1186
dtor     D               dtor.c:196  _al_register_destructor          [   0.23770] added dtor for sub_bitmap 000001BC6777C2E0, func 00007FFF0B9D1186
dtor     D               dtor.c:196  _al_register_destructor          [   0.23777] added dtor for sub_bitmap 000001BC6777CAA0, func 00007FFF0B9D1186
dtor     D               dtor.c:196  _al_register_destructor          [   0.23782] added dtor for sub_bitmap 000001BC6777C6C0, func 00007FFF0B9D1186
dtor     D               dtor.c:196  _al_register_destructor          [   0.23787] added dtor for sub_bitmap 000001BC6777C0F0, func 00007FFF0B9D1186
dtor     D               dtor.c:196  _al_register_destructor          [   0.23794] added dtor for sub_bitmap 000001BC6777C4D0, func 00007FFF0B9D1186
dtor     D               dtor.c:196  _al_register_destructor          [   0.23800] added dtor for sub_bitmap 000001BC6777C8B0, func 00007FFF0B9D1186
dtor     D               dtor.c:196  _al_register_destructor          [   0.23806] added dtor for sub_bitmap 000001BC6777AF80, func 00007FFF0B9D1186
dtor     D               dtor.c:196  _al_register_destructor          [   0.23812] added dtor for sub_bitmap 000001BC6777CC90, func 00007FFF0B9D1186
dtor     D               dtor.c:196  _al_register_destructor          [   0.23819] added dtor for sub_bitmap 000001BC6777B170, func 00007FFF0B9D1186
dtor     D               dtor.c:196  _al_register_destructor          [   0.23826] added dtor for sub_bitmap 000001BC6777B740, func 00007FFF0B9D1186
dtor     D               dtor.c:196  _al_register_destructor          [   0.23832] added dtor for sub_bitmap 000001BC6777BD10, func 00007FFF0B9D1186
dtor     D               dtor.c:196  _al_register_destructor          [   0.23838] added dtor for sub_bitmap 000001BC6777B930, func 00007FFF0B9D1186
dtor     D               dtor.c:196  _al_register_destructor          [   0.23844] added dtor for sub_bitmap 000001BC6777BB20, func 00007FFF0B9D1186
dtor     D               dtor.c:196  _al_register_destructor          [   0.23850] added dtor for sub_bitmap 000001BC6777BF00, func 00007FFF0B9D1186
dtor     D               dtor.c:196  _al_register_destructor          [   0.23857] added dtor for sub_bitmap 000001BC678E1E60, func 00007FFF0B9D1186
dtor     D               dtor.c:196  _al_register_destructor          [   0.23862] added dtor for sub_bitmap 000001BC678E1C70, func 00007FFF0B9D1186
dtor     D               dtor.c:196  _al_register_destructor          [   0.23867] added dtor for sub_bitmap 000001BC678E0CF0, func 00007FFF0B9D1186
dtor     D               dtor.c:196  _al_register_destructor          [   0.23875] added dtor for sub_bitmap 000001BC678E0720, func 00007FFF0B9D1186
dtor     D               dtor.c:196  _al_register_destructor          [   0.23881] added dtor for sub_bitmap 000001BC678E0EE0, func 00007FFF0B9D1186
dtor     D               dtor.c:196  _al_register_destructor          [   0.23887] added dtor for sub_bitmap 000001BC678E0B00, func 00007FFF0B9D1186
dtor     D               dtor.c:196  _al_register_destructor          [   0.23893] added dtor for sub_bitmap 000001BC678E0340, func 00007FFF0B9D1186
dtor     D               dtor.c:196  _al_register_destructor          [   0.23900] added dtor for sub_bitmap 000001BC678E0530, func 00007FFF0B9D1186
dtor     D               dtor.c:196  _al_register_destructor          [   0.23906] added dtor for sub_bitmap 000001BC678E10D0, func 00007FFF0B9D1186
dtor     D               dtor.c:196  _al_register_destructor          [   0.23912] added dtor for sub_bitmap 000001BC678E2050, func 00007FFF0B9D1186
dtor     D               dtor.c:196  _al_register_destructor          [   0.23918] added dtor for sub_bitmap 000001BC678E0910, func 00007FFF0B9D1186
dtor     D               dtor.c:196  _al_register_destructor          [   0.23929] added dtor for sub_bitmap 000001BC678E12C0, func 00007FFF0B9D1186
dtor     D               dtor.c:196  _al_register_destructor          [   0.23936] added dtor for sub_bitmap 000001BC678E14B0, func 00007FFF0B9D1186
dtor     D               dtor.c:196  _al_register_destructor          [   0.23942] added dtor for sub_bitmap 000001BC678E16A0, func 00007FFF0B9D1186
dtor     D               dtor.c:196  _al_register_destructor          [   0.23949] added dtor for sub_bitmap 000001BC678E1890, func 00007FFF0B9D1186
dtor     D               dtor.c:196  _al_register_destructor          [   0.23956] added dtor for sub_bitmap 000001BC678E1A80, func 00007FFF0B9D1186
dtor     D               dtor.c:196  _al_register_destructor          [   0.23963] added dtor for sub_bitmap 000001BC678E3A90, func 00007FFF0B9D1186
dtor     D               dtor.c:196  _al_register_destructor          [   0.23969] added dtor for sub_bitmap 000001BC678E2350, func 00007FFF0B9D1186
dtor     D               dtor.c:196  _al_register_destructor          [   0.23975] added dtor for sub_bitmap 000001BC678E36B0, func 00007FFF0B9D1186
dtor     D               dtor.c:196  _al_register_destructor          [   0.23988] added dtor for sub_bitmap 000001BC678E4060, func 00007FFF0B9D1186
dtor     D               dtor.c:196  _al_register_destructor          [   0.23994] added dtor for sub_bitmap 000001BC678E2540, func 00007FFF0B9D1186
dtor     D               dtor.c:196  _al_register_destructor          [   0.24001] added dtor for sub_bitmap 000001BC678E3C80, func 00007FFF0B9D1186
dtor     D               dtor.c:196  _al_register_destructor          [   0.24007] added dtor for sub_bitmap 000001BC678E2730, func 00007FFF0B9D1186
dtor     D               dtor.c:196  _al_register_destructor          [   0.24014] added dtor for sub_bitmap 000001BC678E2920, func 00007FFF0B9D1186
dtor     D               dtor.c:196  _al_register_destructor          [   0.24020] added dtor for sub_bitmap 000001BC678E34C0, func 00007FFF0B9D1186
dtor     D               dtor.c:196  _al_register_destructor          [   0.24027] added dtor for sub_bitmap 000001BC678E2B10, func 00007FFF0B9D1186
dtor     D               dtor.c:196  _al_register_destructor          [   0.24033] added dtor for sub_bitmap 000001BC678E2D00, func 00007FFF0B9D1186
dtor     D               dtor.c:196  _al_register_destructor          [   0.24040] added dtor for sub_bitmap 000001BC678E2EF0, func 00007FFF0B9D1186
dtor     D               dtor.c:196  _al_register_destructor          [   0.24046] added dtor for sub_bitmap 000001BC678E32D0, func 00007FFF0B9D1186
dtor     D               dtor.c:196  _al_register_destructor          [   0.24054] added dtor for sub_bitmap 000001BC678E38A0, func 00007FFF0B9D1186
dtor     D               dtor.c:196  _al_register_destructor          [   0.24060] added dtor for sub_bitmap 000001BC678E3E70, func 00007FFF0B9D1186
dtor     D               dtor.c:196  _al_register_destructor          [   0.24068] added dtor for sub_bitmap 000001BC678E30E0, func 00007FFF0B9D1186
dtor     D               dtor.c:196  _al_register_destructor          [   0.24075] added dtor for sub_bitmap 000001BC678E5560, func 00007FFF0B9D1186
dtor     D               dtor.c:196  _al_register_destructor          [   0.24081] added dtor for sub_bitmap 000001BC678E5F10, func 00007FFF0B9D1186
dtor     D               dtor.c:196  _al_register_destructor          [   0.24088] added dtor for sub_bitmap 000001BC678E64E0, func 00007FFF0B9D1186
dtor     D               dtor.c:196  _al_register_destructor          [   0.24094] added dtor for sub_bitmap 000001BC678E5750, func 00007FFF0B9D1186
dtor     D               dtor.c:196  _al_register_destructor          [   0.24100] added dtor for sub_bitmap 000001BC678E66D0, func 00007FFF0B9D1186
dtor     D               dtor.c:196  _al_register_destructor          [   0.24106] added dtor for sub_bitmap 000001BC678E6100, func 00007FFF0B9D1186
dtor     D               dtor.c:196  _al_register_destructor          [   0.24113] added dtor for sub_bitmap 000001BC678E5940, func 00007FFF0B9D1186
dtor     D               dtor.c:196  _al_register_destructor          [   0.24120] added dtor for sub_bitmap 000001BC678E68C0, func 00007FFF0B9D1186
dtor     D               dtor.c:196  _al_register_destructor          [   0.24126] added dtor for sub_bitmap 000001BC678E5370, func 00007FFF0B9D1186
dtor     D               dtor.c:196  _al_register_destructor          [   0.24133] added dtor for sub_bitmap 000001BC678E6AB0, func 00007FFF0B9D1186
dtor     D               dtor.c:196  _al_register_destructor          [   0.24139] added dtor for sub_bitmap 000001BC678E6CA0, func 00007FFF0B9D1186
dtor     D               dtor.c:196  _al_register_destructor          [   0.24145] added dtor for sub_bitmap 000001BC678E5B30, func 00007FFF0B9D1186
dtor     D               dtor.c:196  _al_register_destructor          [   0.24152] added dtor for sub_bitmap 000001BC678E6E90, func 00007FFF0B9D1186
dtor     D               dtor.c:196  _al_register_destructor          [   0.24158] added dtor for sub_bitmap 000001BC678E7080, func 00007FFF0B9D1186
dtor     D               dtor.c:196  _al_register_destructor          [   0.24165] added dtor for sub_bitmap 000001BC678E5D20, func 00007FFF0B9D1186
dtor     D               dtor.c:196  _al_register_destructor          [   0.24171] added dtor for sub_bitmap 000001BC678E62F0, func 00007FFF0B9D1186
dtor     D               dtor.c:196  _al_register_destructor          [   0.24178] added dtor for sub_bitmap 000001BC678E88D0, func 00007FFF0B9D1186
dtor     D               dtor.c:196  _al_register_destructor          [   0.24185] added dtor for sub_bitmap 000001BC678E8EA0, func 00007FFF0B9D1186
dtor     D               dtor.c:196  _al_register_destructor          [   0.24191] added dtor for sub_bitmap 000001BC678E8300, func 00007FFF0B9D1186
dtor     D               dtor.c:196  _al_register_destructor          [   0.24197] added dtor for sub_bitmap 000001BC678E84F0, func 00007FFF0B9D1186
dtor     D               dtor.c:196  _al_register_destructor          [   0.24203] added dtor for sub_bitmap 000001BC678E9090, func 00007FFF0B9D1186
dtor     D               dtor.c:196  _al_register_destructor          [   0.24207] added dtor for sub_bitmap 000001BC678E86E0, func 00007FFF0B9D1186
dtor     D               dtor.c:196  _al_register_destructor          [   0.24213] added dtor for sub_bitmap 000001BC678E7380, func 00007FFF0B9D1186
dtor     D               dtor.c:196  _al_register_destructor          [   0.24219] added dtor for sub_bitmap 000001BC678E8AC0, func 00007FFF0B9D1186
dtor     D               dtor.c:196  _al_register_destructor          [   0.24226] added dtor for sub_bitmap 000001BC678E7570, func 00007FFF0B9D1186
dtor     D               dtor.c:196  _al_register_destructor          [   0.24232] added dtor for sub_bitmap 000001BC678E7760, func 00007FFF0B9D1186
dtor     D               dtor.c:196  _al_register_destructor          [   0.24243] added dtor for sub_bitmap 000001BC678E7F20, func 00007FFF0B9D1186
dtor     D               dtor.c:196  _al_register_destructor          [   0.24251] added dtor for sub_bitmap 000001BC678E8CB0, func 00007FFF0B9D1186
dtor     D               dtor.c:196  _al_register_destructor          [   0.24256] added dtor for sub_bitmap 000001BC678E7950, func 00007FFF0B9D1186
dtor     D               dtor.c:196  _al_register_destructor          [   0.24263] added dtor for sub_bitmap 000001BC678E7B40, func 00007FFF0B9D1186
dtor     D               dtor.c:196  _al_register_destructor          [   0.24273] added dtor for sub_bitmap 000001BC678E7D30, func 00007FFF0B9D1186
dtor     D               dtor.c:196  _al_register_destructor          [   0.24281] added dtor for sub_bitmap 000001BC678E8110, func 00007FFF0B9D1186
dtor     D               dtor.c:196  _al_register_destructor          [   0.24289] added dtor for sub_bitmap 000001BC678ECCD0, func 00007FFF0B9D1186
dtor     D               dtor.c:196  _al_register_destructor          [   0.24296] added dtor for sub_bitmap 000001BC678EB780, func 00007FFF0B9D1186
dtor     D               dtor.c:196  _al_register_destructor          [   0.24303] added dtor for sub_bitmap 000001BC678ECAE0, func 00007FFF0B9D1186
dtor     D               dtor.c:196  _al_register_destructor          [   0.24309] added dtor for sub_bitmap 000001BC678ECEC0, func 00007FFF0B9D1186
dtor     D               dtor.c:196  _al_register_destructor          [   0.24316] added dtor for sub_bitmap 000001BC678EDE40, func 00007FFF0B9D1186
dtor     D               dtor.c:196  _al_register_destructor          [   0.24323] added dtor for sub_bitmap 000001BC678EDC50, func 00007FFF0B9D1186
dtor     D               dtor.c:196  _al_register_destructor          [   0.24330] added dtor for sub_bitmap 000001BC678EE9E0, func 00007FFF0B9D1186
dtor     D               dtor.c:196  _al_register_destructor          [   0.24337] added dtor for sub_bitmap 000001BC678EB970, func 00007FFF0B9D1186
dtor     D               dtor.c:196  _al_register_destructor          [   0.24344] added dtor for sub_bitmap 000001BC678EBF40, func 00007FFF0B9D1186
dtor     D               dtor.c:196  _al_register_destructor          [   0.24350] added dtor for sub_bitmap 000001BC678EC130, func 00007FFF0B9D1186
dtor     D               dtor.c:196  _al_register_destructor          [   0.24356] added dtor for sub_bitmap 000001BC678ED0B0, func 00007FFF0B9D1186
dtor     D               dtor.c:196  _al_register_destructor          [   0.24363] added dtor for sub_bitmap 000001BC678EBB60, func 00007FFF0B9D1186
dtor     D               dtor.c:196  _al_register_destructor          [   0.24369] added dtor for sub_bitmap 000001BC678EE600, func 00007FFF0B9D1186
dtor     D               dtor.c:196  _al_register_destructor          [   0.24375] added dtor for sub_bitmap 000001BC678EC700, func 00007FFF0B9D1186
dtor     D               dtor.c:196  _al_register_destructor          [   0.24382] added dtor for sub_bitmap 000001BC678EE030, func 00007FFF0B9D1186
dtor     D               dtor.c:196  _al_register_destructor          [   0.24388] added dtor for sub_bitmap 000001BC678EE220, func 00007FFF0B9D1186
dtor     D               dtor.c:196  _al_register_destructor          [   0.24395] added dtor for sub_bitmap 000001BC678EB3A0, func 00007FFF0B9D1186
dtor     D               dtor.c:196  _al_register_destructor          [   0.24401] added dtor for sub_bitmap 000001BC678EE410, func 00007FFF0B9D1186
dtor     D               dtor.c:196  _al_register_destructor          [   0.24408] added dtor for sub_bitmap 000001BC678EEBD0, func 00007FFF0B9D1186
dtor     D               dtor.c:196  _al_register_destructor          [   0.24414] added dtor for sub_bitmap 000001BC678ED680, func 00007FFF0B9D1186
dtor     D               dtor.c:196  _al_register_destructor          [   0.24421] added dtor for sub_bitmap 000001BC678ED870, func 00007FFF0B9D1186
dtor     D               dtor.c:196  _al_register_destructor          [   0.24432] added dtor for sub_bitmap 000001BC678EEFB0, func 00007FFF0B9D1186
dtor     D               dtor.c:196  _al_register_destructor          [   0.24439] added dtor for sub_bitmap 000001BC678ED490, func 00007FFF0B9D1186
dtor     D               dtor.c:196  _al_register_destructor          [   0.24448] added dtor for sub_bitmap 000001BC678EEDC0, func 00007FFF0B9D1186
dtor     D               dtor.c:196  _al_register_destructor          [   0.24455] added dtor for sub_bitmap 000001BC678EDA60, func 00007FFF0B9D1186
dtor     D               dtor.c:196  _al_register_destructor          [   0.24461] added dtor for sub_bitmap 000001BC678EB590, func 00007FFF0B9D1186
dtor     D               dtor.c:196  _al_register_destructor          [   0.24468] added dtor for sub_bitmap 000001BC678EBD50, func 00007FFF0B9D1186
dtor     D               dtor.c:196  _al_register_destructor          [   0.24474] added dtor for sub_bitmap 000001BC678ED2A0, func 00007FFF0B9D1186
dtor     D               dtor.c:196  _al_register_destructor          [   0.24481] added dtor for sub_bitmap 000001BC678EC320, func 00007FFF0B9D1186
dtor     D               dtor.c:196  _al_register_destructor          [   0.24487] added dtor for sub_bitmap 000001BC678EE7F0, func 00007FFF0B9D1186
dtor     D               dtor.c:196  _al_register_destructor          [   0.24493] added dtor for sub_bitmap 000001BC678EC510, func 00007FFF0B9D1186
dtor     D               dtor.c:196  _al_register_destructor          [   0.24500] added dtor for sub_bitmap 000001BC678EC8F0, func 00007FFF0B9D1186
dtor     D               dtor.c:196  _al_register_destructor          [   0.24508] added dtor for sub_bitmap 000001BC678F4240, func 00007FFF0B9D1186
dtor     D               dtor.c:196  _al_register_destructor          [   0.24515] added dtor for sub_bitmap 000001BC678F2340, func 00007FFF0B9D1186
dtor     D               dtor.c:196  _al_register_destructor          [   0.24521] added dtor for sub_bitmap 000001BC678F2720, func 00007FFF0B9D1186
dtor     D               dtor.c:196  _al_register_destructor          [   0.24527] added dtor for sub_bitmap 000001BC678F4430, func 00007FFF0B9D1186
dtor     D               dtor.c:196  _al_register_destructor          [   0.24535] added dtor for sub_bitmap 000001BC678F36A0, func 00007FFF0B9D1186
dtor     D               dtor.c:196  _al_register_destructor          [   0.24541] added dtor for sub_bitmap 000001BC678F2530, func 00007FFF0B9D1186
dtor     D               dtor.c:196  _al_register_destructor          [   0.24547] added dtor for sub_bitmap 000001BC678F15B0, func 00007FFF0B9D1186
dtor     D               dtor.c:196  _al_register_destructor          [   0.24553] added dtor for sub_bitmap 000001BC678F1F60, func 00007FFF0B9D1186
dtor     D               dtor.c:196  _al_register_destructor          [   0.24559] added dtor for sub_bitmap 000001BC678F3C70, func 00007FFF0B9D1186
dtor     D               dtor.c:196  _al_register_destructor          [   0.24566] added dtor for sub_bitmap 000001BC678F4A00, func 00007FFF0B9D1186
dtor     D               dtor.c:196  _al_register_destructor          [   0.24572] added dtor for sub_bitmap 000001BC678F4620, func 00007FFF0B9D1186
dtor     D               dtor.c:196  _al_register_destructor          [   0.24579] added dtor for sub_bitmap 000001BC678F3890, func 00007FFF0B9D1186
dtor     D               dtor.c:196  _al_register_destructor          [   0.24585] added dtor for sub_bitmap 000001BC678F3A80, func 00007FFF0B9D1186
dtor     D               dtor.c:196  _al_register_destructor          [   0.24592] added dtor for sub_bitmap 000001BC678F3E60, func 00007FFF0B9D1186
dtor     D               dtor.c:196  _al_register_destructor          [   0.24598] added dtor for sub_bitmap 000001BC678F17A0, func 00007FFF0B9D1186
dtor     D               dtor.c:196  _al_register_destructor          [   0.24604] added dtor for sub_bitmap 000001BC678F4050, func 00007FFF0B9D1186
dtor     D               dtor.c:196  _al_register_destructor          [   0.24611] added dtor for sub_bitmap 000001BC678F1990, func 00007FFF0B9D1186
dtor     D               dtor.c:196  _al_register_destructor          [   0.24617] added dtor for sub_bitmap 000001BC678F4810, func 00007FFF0B9D1186
dtor     D               dtor.c:196  _al_register_destructor          [   0.24623] added dtor for sub_bitmap 000001BC678F4BF0, func 00007FFF0B9D1186
dtor     D               dtor.c:196  _al_register_destructor          [   0.24630] added dtor for sub_bitmap 000001BC678F34B0, func 00007FFF0B9D1186
dtor     D               dtor.c:196  _al_register_destructor          [   0.24636] added dtor for sub_bitmap 000001BC678F4DE0, func 00007FFF0B9D1186
dtor     D               dtor.c:196  _al_register_destructor          [   0.24643] added dtor for sub_bitmap 000001BC678F4FD0, func 00007FFF0B9D1186
dtor     D               dtor.c:196  _al_register_destructor          [   0.24649] added dtor for sub_bitmap 000001BC678F32C0, func 00007FFF0B9D1186
dtor     D               dtor.c:196  _al_register_destructor          [   0.24655] added dtor for sub_bitmap 000001BC678F13C0, func 00007FFF0B9D1186
dtor     D               dtor.c:196  _al_register_destructor          [   0.24661] added dtor for sub_bitmap 000001BC678F1B80, func 00007FFF0B9D1186
dtor     D               dtor.c:196  _al_register_destructor          [   0.24668] added dtor for sub_bitmap 000001BC678F1D70, func 00007FFF0B9D1186
dtor     D               dtor.c:196  _al_register_destructor          [   0.24674] added dtor for sub_bitmap 000001BC678F2150, func 00007FFF0B9D1186
dtor     D               dtor.c:196  _al_register_destructor          [   0.24680] added dtor for sub_bitmap 000001BC678F2910, func 00007FFF0B9D1186
dtor     D               dtor.c:196  _al_register_destructor          [   0.24686] added dtor for sub_bitmap 000001BC678F2B00, func 00007FFF0B9D1186
dtor     D               dtor.c:196  _al_register_destructor          [   0.24692] added dtor for sub_bitmap 000001BC678F2CF0, func 00007FFF0B9D1186
dtor     D               dtor.c:196  _al_register_destructor          [   0.24698] added dtor for sub_bitmap 000001BC678F2EE0, func 00007FFF0B9D1186
dtor     D               dtor.c:196  _al_register_destructor          [   0.24705] added dtor for sub_bitmap 000001BC678F30D0, func 00007FFF0B9D1186
dtor     D               dtor.c:196  _al_register_destructor          [   0.24713] added dtor for sub_bitmap 000001BC678F78A0, func 00007FFF0B9D1186
dtor     D               dtor.c:196  _al_register_destructor          [   0.24719] added dtor for sub_bitmap 000001BC678F55C0, func 00007FFF0B9D1186
dtor     D               dtor.c:196  _al_register_destructor          [   0.24726] added dtor for sub_bitmap 000001BC678F8630, func 00007FFF0B9D1186
dtor     D               dtor.c:196  _al_register_destructor          [   0.24732] added dtor for sub_bitmap 000001BC678F72D0, func 00007FFF0B9D1186
dtor     D               dtor.c:196  _al_register_destructor          [   0.24738] added dtor for sub_bitmap 000001BC678F6730, func 00007FFF0B9D1186
dtor     D               dtor.c:196  _al_register_destructor          [   0.24744] added dtor for sub_bitmap 000001BC678F8250, func 00007FFF0B9D1186
dtor     D               dtor.c:196  _al_register_destructor          [   0.24751] added dtor for sub_bitmap 000001BC678F8440, func 00007FFF0B9D1186
dtor     D               dtor.c:196  _al_register_destructor          [   0.24757] added dtor for sub_bitmap 000001BC678F6350, func 00007FFF0B9D1186
dtor     D               dtor.c:196  _al_register_destructor          [   0.24763] added dtor for sub_bitmap 000001BC678F7C80, func 00007FFF0B9D1186
dtor     D               dtor.c:196  _al_register_destructor          [   0.24770] added dtor for sub_bitmap 000001BC678F8820, func 00007FFF0B9D1186
dtor     D               dtor.c:196  _al_register_destructor          [   0.24776] added dtor for sub_bitmap 000001BC678F7A90, func 00007FFF0B9D1186
dtor     D               dtor.c:196  _al_register_destructor          [   0.24782] added dtor for sub_bitmap 000001BC678F7E70, func 00007FFF0B9D1186
dtor     D               dtor.c:196  _al_register_destructor          [   0.24789] added dtor for sub_bitmap 000001BC678F6EF0, func 00007FFF0B9D1186
dtor     D               dtor.c:196  _al_register_destructor          [   0.24799] added dtor for sub_bitmap 000001BC678F57B0, func 00007FFF0B9D1186
dtor     D               dtor.c:196  _al_register_destructor          [   0.24806] added dtor for sub_bitmap 000001BC678F6160, func 00007FFF0B9D1186
dtor     D               dtor.c:196  _al_register_destructor          [   0.24812] added dtor for sub_bitmap 000001BC678F8A10, func 00007FFF0B9D1186
dtor     D               dtor.c:196  _al_register_destructor          [   0.24820] added dtor for sub_bitmap 000001BC678F6540, func 00007FFF0B9D1186
dtor     D               dtor.c:196  _al_register_destructor          [   0.24827] added dtor for sub_bitmap 000001BC678F8060, func 00007FFF0B9D1186
dtor     D               dtor.c:196  _al_register_destructor          [   0.24833] added dtor for sub_bitmap 000001BC678F5B90, func 00007FFF0B9D1186
dtor     D               dtor.c:196  _al_register_destructor          [   0.24840] added dtor for sub_bitmap 000001BC678F8C00, func 00007FFF0B9D1186
dtor     D               dtor.c:196  _al_register_destructor          [   0.24846] added dtor for sub_bitmap 000001BC678F6D00, func 00007FFF0B9D1186
dtor     D               dtor.c:196  _al_register_destructor          [   0.24853] added dtor for sub_bitmap 000001BC678F8DF0, func 00007FFF0B9D1186
dtor     D               dtor.c:196  _al_register_destructor          [   0.24860] added dtor for sub_bitmap 000001BC678F59A0, func 00007FFF0B9D1186
dtor     D               dtor.c:196  _al_register_destructor          [   0.24866] added dtor for sub_bitmap 000001BC678F8FE0, func 00007FFF0B9D1186
dtor     D               dtor.c:196  _al_register_destructor          [   0.24873] added dtor for sub_bitmap 000001BC678F70E0, func 00007FFF0B9D1186
dtor     D               dtor.c:196  _al_register_destructor          [   0.24879] added dtor for sub_bitmap 000001BC678F5D80, func 00007FFF0B9D1186
dtor     D               dtor.c:196  _al_register_destructor          [   0.24885] added dtor for sub_bitmap 000001BC678F76B0, func 00007FFF0B9D1186
dtor     D               dtor.c:196  _al_register_destructor          [   0.24891] added dtor for sub_bitmap 000001BC678F53D0, func 00007FFF0B9D1186
dtor     D               dtor.c:196  _al_register_destructor          [   0.24897] added dtor for sub_bitmap 000001BC678F5F70, func 00007FFF0B9D1186
dtor     D               dtor.c:196  _al_register_destructor          [   0.24904] added dtor for sub_bitmap 000001BC678F6920, func 00007FFF0B9D1186
dtor     D               dtor.c:196  _al_register_destructor          [   0.24910] added dtor for sub_bitmap 000001BC678F6B10, func 00007FFF0B9D1186
dtor     D               dtor.c:196  _al_register_destructor          [   0.24917] added dtor for sub_bitmap 000001BC678F74C0, func 00007FFF0B9D1186
dtor     D               dtor.c:196  _al_register_destructor          [   0.24924] added dtor for sub_bitmap 000001BC678FD9D0, func 00007FFF0B9D1186
dtor     D               dtor.c:196  _al_register_destructor          [   0.24931] added dtor for sub_bitmap 000001BC678FFEA0, func 00007FFF0B9D1186
dtor     D               dtor.c:196  _al_register_destructor          [   0.24938] added dtor for sub_bitmap 000001BC678FD400, func 00007FFF0B9D1186
dtor     D               dtor.c:196  _al_register_destructor          [   0.24944] added dtor for sub_bitmap 000001BC67900280, func 00007FFF0B9D1186
dtor     D               dtor.c:196  _al_register_destructor          [   0.24951] added dtor for sub_bitmap 000001BC678FF110, func 00007FFF0B9D1186
dtor     D               dtor.c:196  _al_register_destructor          [   0.24957] added dtor for sub_bitmap 000001BC67900C30, func 00007FFF0B9D1186
dtor     D               dtor.c:196  _al_register_destructor          [   0.24963] added dtor for sub_bitmap 000001BC678FE190, func 00007FFF0B9D1186
dtor     D               dtor.c:196  _al_register_destructor          [   0.24970] added dtor for sub_bitmap 000001BC67900A40, func 00007FFF0B9D1186
dtor     D               dtor.c:196  _al_register_destructor          [   0.24976] added dtor for sub_bitmap 000001BC678FF8D0, func 00007FFF0B9D1186
dtor     D               dtor.c:196  _al_register_destructor          [   0.24983] added dtor for sub_bitmap 000001BC678FDBC0, func 00007FFF0B9D1186
dtor     D               dtor.c:196  _al_register_destructor          [   0.24989] added dtor for sub_bitmap 000001BC67900470, func 00007FFF0B9D1186
dtor     D               dtor.c:196  _al_register_destructor          [   0.24995] added dtor for sub_bitmap 000001BC67900660, func 00007FFF0B9D1186
dtor     D               dtor.c:196  _al_register_destructor          [   0.25002] added dtor for sub_bitmap 000001BC678FFCB0, func 00007FFF0B9D1186
dtor     D               dtor.c:196  _al_register_destructor          [   0.25008] added dtor for sub_bitmap 000001BC678FE380, func 00007FFF0B9D1186
dtor     D               dtor.c:196  _al_register_destructor          [   0.25015] added dtor for sub_bitmap 000001BC678FEB40, func 00007FFF0B9D1186
dtor     D               dtor.c:196  _al_register_destructor          [   0.25021] added dtor for sub_bitmap 000001BC678FE570, func 00007FFF0B9D1186
dtor     D               dtor.c:196  _al_register_destructor          [   0.25028] added dtor for sub_bitmap 000001BC67900E20, func 00007FFF0B9D1186
dtor     D               dtor.c:196  _al_register_destructor          [   0.25034] added dtor for sub_bitmap 000001BC678FEF20, func 00007FFF0B9D1186
dtor     D               dtor.c:196  _al_register_destructor          [   0.25040] added dtor for sub_bitmap 000001BC678FDDB0, func 00007FFF0B9D1186
dtor     D               dtor.c:196  _al_register_destructor          [   0.25047] added dtor for sub_bitmap 000001BC67900850, func 00007FFF0B9D1186
dtor     D               dtor.c:196  _al_register_destructor          [   0.25054] added dtor for sub_bitmap 000001BC678FDFA0, func 00007FFF0B9D1186
dtor     D               dtor.c:196  _al_register_destructor          [   0.25061] added dtor for sub_bitmap 000001BC678FFAC0, func 00007FFF0B9D1186
dtor     D               dtor.c:196  _al_register_destructor          [   0.25067] added dtor for sub_bitmap 000001BC67901010, func 00007FFF0B9D1186
dtor     D               dtor.c:196  _al_register_destructor          [   0.25073] added dtor for sub_bitmap 000001BC678FF300, func 00007FFF0B9D1186
dtor     D               dtor.c:196  _al_register_destructor          [   0.25080] added dtor for sub_bitmap 000001BC678FE760, func 00007FFF0B9D1186
dtor     D               dtor.c:196  _al_register_destructor          [   0.25086] added dtor for sub_bitmap 000001BC67900090, func 00007FFF0B9D1186
dtor     D               dtor.c:196  _al_register_destructor          [   0.25093] added dtor for sub_bitmap 000001BC678FE950, func 00007FFF0B9D1186
dtor     D               dtor.c:196  _al_register_destructor          [   0.25099] added dtor for sub_bitmap 000001BC678FED30, func 00007FFF0B9D1186
dtor     D               dtor.c:196  _al_register_destructor          [   0.25106] added dtor for sub_bitmap 000001BC678FF4F0, func 00007FFF0B9D1186
dtor     D               dtor.c:196  _al_register_destructor          [   0.25112] added dtor for sub_bitmap 000001BC678FD5F0, func 00007FFF0B9D1186
dtor     D               dtor.c:196  _al_register_destructor          [   0.25119] added dtor for sub_bitmap 000001BC678FD7E0, func 00007FFF0B9D1186
dtor     D               dtor.c:196  _al_register_destructor          [   0.25126] added dtor for sub_bitmap 000001BC678FF6E0, func 00007FFF0B9D1186
dtor     D               dtor.c:196  _al_register_destructor          [   0.25135] added dtor for sub_bitmap 000001BC679036F0, func 00007FFF0B9D1186
dtor     D               dtor.c:196  _al_register_destructor          [   0.25141] added dtor for sub_bitmap 000001BC67902D40, func 00007FFF0B9D1186
dtor     D               dtor.c:196  _al_register_destructor          [   0.25148] added dtor for sub_bitmap 000001BC67903AD0, func 00007FFF0B9D1186
dtor     D               dtor.c:196  _al_register_destructor          [   0.25154] added dtor for sub_bitmap 000001BC67906F20, func 00007FFF0B9D1186
dtor     D               dtor.c:196  _al_register_destructor          [   0.25160] added dtor for sub_bitmap 000001BC67904A50, func 00007FFF0B9D1186
dtor     D               dtor.c:196  _al_register_destructor          [   0.25167] added dtor for sub_bitmap 000001BC67907110, func 00007FFF0B9D1186
dtor     D               dtor.c:196  _al_register_destructor          [   0.25173] added dtor for sub_bitmap 000001BC67901600, func 00007FFF0B9D1186
dtor     D               dtor.c:196  _al_register_destructor          [   0.25180] added dtor for sub_bitmap 000001BC67905DB0, func 00007FFF0B9D1186
dtor     D               dtor.c:196  _al_register_destructor          [   0.25187] added dtor for sub_bitmap 000001BC67908280, func 00007FFF0B9D1186
dtor     D               dtor.c:196  _al_register_destructor          [   0.25193] added dtor for sub_bitmap 000001BC67901DC0, func 00007FFF0B9D1186
dtor     D               dtor.c:196  _al_register_destructor          [   0.25199] added dtor for sub_bitmap 000001BC67906B40, func 00007FFF0B9D1186
dtor     D               dtor.c:196  _al_register_destructor          [   0.25206] added dtor for sub_bitmap 000001BC67908470, func 00007FFF0B9D1186
dtor     D               dtor.c:196  _al_register_destructor          [   0.25213] added dtor for sub_bitmap 000001BC67906D30, func 00007FFF0B9D1186
dtor     D               dtor.c:196  _al_register_destructor          [   0.25220] added dtor for sub_bitmap 000001BC679078D0, func 00007FFF0B9D1186
dtor     D               dtor.c:196  _al_register_destructor          [   0.25227] added dtor for sub_bitmap 000001BC67908660, func 00007FFF0B9D1186
dtor     D               dtor.c:196  _al_register_destructor          [   0.25233] added dtor for sub_bitmap 000001BC67902F30, func 00007FFF0B9D1186
dtor     D               dtor.c:196  _al_register_destructor          [   0.25240] added dtor for sub_bitmap 000001BC679059D0, func 00007FFF0B9D1186
dtor     D               dtor.c:196  _al_register_destructor          [   0.25248] added dtor for sub_bitmap 000001BC679040A0, func 00007FFF0B9D1186
dtor     D               dtor.c:196  _al_register_destructor          [   0.25254] added dtor for sub_bitmap 000001BC67902B50, func 00007FFF0B9D1186
dtor     D               dtor.c:196  _al_register_destructor          [   0.25260] added dtor for sub_bitmap 000001BC67903CC0, func 00007FFF0B9D1186
dtor     D               dtor.c:196  _al_register_destructor          [   0.25267] added dtor for sub_bitmap 000001BC679074F0, func 00007FFF0B9D1186
dtor     D               dtor.c:196  _al_register_destructor          [   0.25274] added dtor for sub_bitmap 000001BC67902960, func 00007FFF0B9D1186
dtor     D               dtor.c:196  _al_register_destructor          [   0.25280] added dtor for sub_bitmap 000001BC67904E30, func 00007FFF0B9D1186
dtor     D               dtor.c:196  _al_register_destructor          [   0.25287] added dtor for sub_bitmap 000001BC67903120, func 00007FFF0B9D1186
dtor     D               dtor.c:196  _al_register_destructor          [   0.25293] added dtor for sub_bitmap 000001BC67907EA0, func 00007FFF0B9D1186
dtor     D               dtor.c:196  _al_register_destructor          [   0.25299] added dtor for sub_bitmap 000001BC67906190, func 00007FFF0B9D1186
dtor     D               dtor.c:196  _al_register_destructor          [   0.25306] added dtor for sub_bitmap 000001BC67906760, func 00007FFF0B9D1186
dtor     D               dtor.c:196  _al_register_destructor          [   0.25312] added dtor for sub_bitmap 000001BC67908850, func 00007FFF0B9D1186
dtor     D               dtor.c:196  _al_register_destructor          [   0.25319] added dtor for sub_bitmap 000001BC67906950, func 00007FFF0B9D1186
dtor     D               dtor.c:196  _al_register_destructor          [   0.25325] added dtor for sub_bitmap 000001BC67907300, func 00007FFF0B9D1186
dtor     D               dtor.c:196  _al_register_destructor          [   0.25332] added dtor for sub_bitmap 000001BC67908090, func 00007FFF0B9D1186
dtor     D               dtor.c:196  _al_register_destructor          [   0.25339] added dtor for sub_bitmap 000001BC67901BD0, func 00007FFF0B9D1186
dtor     D               dtor.c:196  _al_register_destructor          [   0.25346] added dtor for sub_bitmap 000001BC67903310, func 00007FFF0B9D1186
dtor     D               dtor.c:196  _al_register_destructor          [   0.25352] added dtor for sub_bitmap 000001BC67903500, func 00007FFF0B9D1186
dtor     D               dtor.c:196  _al_register_destructor          [   0.25358] added dtor for sub_bitmap 000001BC67905020, func 00007FFF0B9D1186
dtor     D               dtor.c:196  _al_register_destructor          [   0.25365] added dtor for sub_bitmap 000001BC679021A0, func 00007FFF0B9D1186
dtor     D               dtor.c:196  _al_register_destructor          [   0.25371] added dtor for sub_bitmap 000001BC67907AC0, func 00007FFF0B9D1186
dtor     D               dtor.c:196  _al_register_destructor          [   0.25377] added dtor for sub_bitmap 000001BC67902390, func 00007FFF0B9D1186
dtor     D               dtor.c:196  _al_register_destructor          [   0.25384] added dtor for sub_bitmap 000001BC67901FB0, func 00007FFF0B9D1186
dtor     D               dtor.c:196  _al_register_destructor          [   0.25390] added dtor for sub_bitmap 000001BC679076E0, func 00007FFF0B9D1186
dtor     D               dtor.c:196  _al_register_destructor          [   0.25399] added dtor for sub_bitmap 000001BC679017F0, func 00007FFF0B9D1186
dtor     D               dtor.c:196  _al_register_destructor          [   0.25406] added dtor for sub_bitmap 000001BC67907CB0, func 00007FFF0B9D1186
dtor     D               dtor.c:196  _al_register_destructor          [   0.25412] added dtor for sub_bitmap 000001BC67902580, func 00007FFF0B9D1186
dtor     D               dtor.c:196  _al_register_destructor          [   0.25418] added dtor for sub_bitmap 000001BC67905BC0, func 00007FFF0B9D1186
dtor     D               dtor.c:196  _al_register_destructor          [   0.25425] added dtor for sub_bitmap 000001BC67908A40, func 00007FFF0B9D1186
dtor     D               dtor.c:196  _al_register_destructor          [   0.25432] added dtor for sub_bitmap 000001BC67905210, func 00007FFF0B9D1186
dtor     D               dtor.c:196  _al_register_destructor          [   0.25438] added dtor for sub_bitmap 000001BC679038E0, func 00007FFF0B9D1186
dtor     D               dtor.c:196  _al_register_destructor          [   0.25445] added dtor for sub_bitmap 000001BC67906380, func 00007FFF0B9D1186
dtor     D               dtor.c:196  _al_register_destructor          [   0.25455] added dtor for sub_bitmap 000001BC67903EB0, func 00007FFF0B9D1186
dtor     D               dtor.c:196  _al_register_destructor          [   0.25461] added dtor for sub_bitmap 000001BC67904290, func 00007FFF0B9D1186
dtor     D               dtor.c:196  _al_register_destructor          [   0.25468] added dtor for sub_bitmap 000001BC67904C40, func 00007FFF0B9D1186
dtor     D               dtor.c:196  _al_register_destructor          [   0.25475] added dtor for sub_bitmap 000001BC67908C30, func 00007FFF0B9D1186
dtor     D               dtor.c:196  _al_register_destructor          [   0.25482] added dtor for sub_bitmap 000001BC67908E20, func 00007FFF0B9D1186
dtor     D               dtor.c:196  _al_register_destructor          [   0.25488] added dtor for sub_bitmap 000001BC67901410, func 00007FFF0B9D1186
dtor     D               dtor.c:196  _al_register_destructor          [   0.25494] added dtor for sub_bitmap 000001BC67904670, func 00007FFF0B9D1186
dtor     D               dtor.c:196  _al_register_destructor          [   0.25501] added dtor for sub_bitmap 000001BC67905400, func 00007FFF0B9D1186
dtor     D               dtor.c:196  _al_register_destructor          [   0.25507] added dtor for sub_bitmap 000001BC67902770, func 00007FFF0B9D1186
dtor     D               dtor.c:196  _al_register_destructor          [   0.25514] added dtor for sub_bitmap 000001BC679019E0, func 00007FFF0B9D1186
dtor     D               dtor.c:196  _al_register_destructor          [   0.25521] added dtor for sub_bitmap 000001BC67904480, func 00007FFF0B9D1186
dtor     D               dtor.c:196  _al_register_destructor          [   0.25528] added dtor for sub_bitmap 000001BC67904860, func 00007FFF0B9D1186
dtor     D               dtor.c:196  _al_register_destructor          [   0.25534] added dtor for sub_bitmap 000001BC67905FA0, func 00007FFF0B9D1186
dtor     D               dtor.c:196  _al_register_destructor          [   0.25540] added dtor for sub_bitmap 000001BC679055F0, func 00007FFF0B9D1186
dtor     D               dtor.c:196  _al_register_destructor          [   0.25547] added dtor for sub_bitmap 000001BC67906570, func 00007FFF0B9D1186
dtor     D               dtor.c:227  _al_unregister_destructor        [   0.25553] removed dtor for bitmap 000001BC676ED1D0
dtor     D               dtor.c:196  _al_register_destructor          [   0.25560] added dtor for font 000001BC6775FFB0, func 00007FFF5D3F129E
dtor     D               dtor.c:227  _al_unregister_destructor        [   0.25567] removed dtor for bitmap 000001BC676ECC00
d3d      D          d3d_bmp.cpp:539  _al_d3d_sync_bitmap              [   0.30003] _al_d3d_sync_bitmap (system) ref count == 1
d3d      D          d3d_bmp.cpp:545  _al_d3d_sync_bitmap              [   0.30013] _al_d3d_sync_bitmap (video) ref count == 1
